<?xml version="1.0" encoding="UTF-8"?>
<testsuite name="com.pseuco.np21.SingleAntNoFood" tests="5" skipped="0" failures="0" errors="0" timestamp="2022-04-13T21:16:46" hostname="DESKTOP-13VUG62" time="0.406">
  <properties/>
  <testcase name="repetition 1 of 5" classname="com.pseuco.np21.SingleAntNoFood" time="0.079"/>
  <testcase name="repetition 2 of 5" classname="com.pseuco.np21.SingleAntNoFood" time="0.066"/>
  <testcase name="repetition 3 of 5" classname="com.pseuco.np21.SingleAntNoFood" time="0.07"/>
  <testcase name="repetition 4 of 5" classname="com.pseuco.np21.SingleAntNoFood" time="0.087"/>
  <testcase name="repetition 5 of 5" classname="com.pseuco.np21.SingleAntNoFood" time="0.097"/>
  <system-out><![CDATA[############ Logging method invocation #1 on mock/spy ########
recorder.start();
   invoked: -> at com.pseuco.np21.Simulator.run(Simulator.java:49)
   has returned: "null"

############ Logging method invocation #2 on mock/spy ########
recorder.spawn(
    Ant{name='Anthony', impatience=2, disguise=1000}
);
   invoked: -> at com.pseuco.np21.Ant.run(Ant.java:264)
   has returned: "null"

############ Logging method invocation #3 on mock/spy ########
recorder.enter(
    Ant{name='Anthony', impatience=2, disguise=1000},
    Clearing{name='Hill', trails=3, initialFood=0, capacity=âˆž}
);
   invoked: -> at com.pseuco.np21.Ant.run(Ant.java:266)
   has returned: "null"

############ Logging method invocation #4 on mock/spy ########
recorder.startFoodSearch(
    Ant{name='Anthony', impatience=2, disguise=1000}
);
   invoked: -> at com.pseuco.np21.Ant.run(Ant.java:271)
   has returned: "null"

############ Logging method invocation #5 on mock/spy ########
recorder.startExploration(
    Ant{name='Anthony', impatience=2, disguise=1000}
);
   invoked: -> at com.pseuco.np21.Ant.forwardMoving(Ant.java:187)
   has returned: "null"

############ Logging method invocation #6 on mock/spy ########
recorder.select(
    Ant{name='Anthony', impatience=2, disguise=1000},
    Trail{from='Hill', to='C994'},
    [Trail{from='Hill', to='C987'}, Trail{from='Hill', to='C994'}],
    EXPLORATION
);
   invoked: -> at com.pseuco.np21.Ant.forwardMoving(Ant.java:188)
   has returned: "null"

############ Logging method invocation #7 on mock/spy ########
recorder.enter(
    Ant{name='Anthony', impatience=2, disguise=1000},
    Trail{from='Hill', to='C994'}
);
   invoked: -> at com.pseuco.np21.AntRunHandler.EnterTrailRecorderStuff(AntRunHandler.java:68)
   has returned: "null"

############ Logging method invocation #8 on mock/spy ########
recorder.leave(
    Ant{name='Anthony', impatience=2, disguise=1000},
    Clearing{name='Hill', trails=3, initialFood=0, capacity=âˆž}
);
   invoked: -> at com.pseuco.np21.AntRunHandler.EnterTrailRecorderStuff(AntRunHandler.java:69)
   has returned: "null"

############ Logging method invocation #9 on mock/spy ########
recorder.enter(
    Ant{name='Anthony', impatience=2, disguise=1000},
    Clearing{name='C994', trails=3, initialFood=0, capacity=5}
);
   invoked: -> at com.pseuco.np21.AntRunHandler.recorderStuffEnterClearingLeaveTrail(AntRunHandler.java:25)
   has returned: "null"

############ Logging method invocation #10 on mock/spy ########
recorder.leave(
    Ant{name='Anthony', impatience=2, disguise=1000},
    Trail{from='Hill', to='C994'}
);
   invoked: -> at com.pseuco.np21.AntRunHandler.recorderStuffEnterClearingLeaveTrail(AntRunHandler.java:26)
   has returned: "null"

############ Logging method invocation #11 on mock/spy ########
recorder.updateAnthill(
    Ant{name='Anthony', impatience=2, disguise=1000},
    Trail{from='C994', to='Hill'},
    1
);
   invoked: -> at com.pseuco.np21.AntRunHandler.handleEnterClearingFoodSearch(AntRunHandler.java:101)
   has returned: "null"

############ Logging method invocation #12 on mock/spy ########
recorder.select(
    Ant{name='Anthony', impatience=2, disguise=1000},
    Trail{from='C994', to='C984'},
    [Trail{from='C994', to='C976'}, Trail{from='C994', to='C984'}],
    EXPLORATION
);
   invoked: -> at com.pseuco.np21.Ant.forwardMoving(Ant.java:190)
   has returned: "null"

############ Logging method invocation #13 on mock/spy ########
recorder.enter(
    Ant{name='Anthony', impatience=2, disguise=1000},
    Trail{from='C994', to='C984'}
);
   invoked: -> at com.pseuco.np21.AntRunHandler.EnterTrailRecorderStuff(AntRunHandler.java:68)
   has returned: "null"

############ Logging method invocation #14 on mock/spy ########
recorder.leave(
    Ant{name='Anthony', impatience=2, disguise=1000},
    Clearing{name='C994', trails=3, initialFood=0, capacity=5}
);
   invoked: -> at com.pseuco.np21.AntRunHandler.EnterTrailRecorderStuff(AntRunHandler.java:69)
   has returned: "null"

############ Logging method invocation #15 on mock/spy ########
recorder.enter(
    Ant{name='Anthony', impatience=2, disguise=1000},
    Clearing{name='C984', trails=1, initialFood=0, capacity=1}
);
   invoked: -> at com.pseuco.np21.AntRunHandler.recorderStuffEnterClearingLeaveTrail(AntRunHandler.java:25)
   has returned: "null"

############ Logging method invocation #16 on mock/spy ########
recorder.leave(
    Ant{name='Anthony', impatience=2, disguise=1000},
    Trail{from='C994', to='C984'}
);
   invoked: -> at com.pseuco.np21.AntRunHandler.recorderStuffEnterClearingLeaveTrail(AntRunHandler.java:26)
   has returned: "null"

############ Logging method invocation #17 on mock/spy ########
recorder.updateAnthill(
    Ant{name='Anthony', impatience=2, disguise=1000},
    Trail{from='C984', to='C994'},
    2
);
   invoked: -> at com.pseuco.np21.AntRunHandler.handleEnterClearingFoodSearch(AntRunHandler.java:101)
   has returned: "null"

############ Logging method invocation #18 on mock/spy ########
recorder.select(
    Ant{name='Anthony', impatience=2, disguise=1000},
    Trail{from='C984', to='C994'},
    [Trail{from='C994', to='C976'}, Trail{from='C994', to='C984'}],
    NO_FOOD_RETURN
);
   invoked: -> at com.pseuco.np21.AntRunHandler.GoBackByNoFoodReturn(AntRunHandler.java:158)
   has returned: "null"

############ Logging method invocation #19 on mock/spy ########
recorder.enter(
    Ant{name='Anthony', impatience=2, disguise=1000},
    Trail{from='C984', to='C994'}
);
   invoked: -> at com.pseuco.np21.AntRunHandler.EnterTrailRecorderStuff(AntRunHandler.java:68)
   has returned: "null"

############ Logging method invocation #20 on mock/spy ########
recorder.leave(
    Ant{name='Anthony', impatience=2, disguise=1000},
    Clearing{name='C984', trails=1, initialFood=0, capacity=1}
);
   invoked: -> at com.pseuco.np21.AntRunHandler.EnterTrailRecorderStuff(AntRunHandler.java:69)
   has returned: "null"

############ Logging method invocation #21 on mock/spy ########
recorder.enter(
    Ant{name='Anthony', impatience=2, disguise=1000},
    Clearing{name='C994', trails=3, initialFood=0, capacity=5}
);
   invoked: -> at com.pseuco.np21.AntRunHandler.recorderStuffEnterClearingLeaveTrail(AntRunHandler.java:25)
   has returned: "null"

############ Logging method invocation #22 on mock/spy ########
recorder.leave(
    Ant{name='Anthony', impatience=2, disguise=1000},
    Trail{from='C984', to='C994'}
);
   invoked: -> at com.pseuco.np21.AntRunHandler.recorderStuffEnterClearingLeaveTrail(AntRunHandler.java:26)
   has returned: "null"

############ Logging method invocation #23 on mock/spy ########
recorder.updateFood(
    Ant{name='Anthony', impatience=2, disguise=1000},
    Trail{from='C994', to='C984'},
    âˆž
);
   invoked: -> at com.pseuco.np21.AntRunHandler.GoBackByNoFoodReturn(AntRunHandler.java:167)
   has returned: "null"

############ Logging method invocation #24 on mock/spy ########
recorder.select(
    Ant{name='Anthony', impatience=2, disguise=1000},
    Trail{from='C994', to='C976'},
    [Trail{from='C994', to='C976'}],
    EXPLORATION
);
   invoked: -> at com.pseuco.np21.Ant.forwardMoving(Ant.java:190)
   has returned: "null"

############ Logging method invocation #25 on mock/spy ########
recorder.enter(
    Ant{name='Anthony', impatience=2, disguise=1000},
    Trail{from='C994', to='C976'}
);
   invoked: -> at com.pseuco.np21.AntRunHandler.EnterTrailRecorderStuff(AntRunHandler.java:68)
   has returned: "null"

############ Logging method invocation #26 on mock/spy ########
recorder.leave(
    Ant{name='Anthony', impatience=2, disguise=1000},
    Clearing{name='C994', trails=3, initialFood=0, capacity=5}
);
   invoked: -> at com.pseuco.np21.AntRunHandler.EnterTrailRecorderStuff(AntRunHandler.java:69)
   has returned: "null"

############ Logging method invocation #27 on mock/spy ########
recorder.enter(
    Ant{name='Anthony', impatience=2, disguise=1000},
    Clearing{name='C976', trails=1, initialFood=0, capacity=5}
);
   invoked: -> at com.pseuco.np21.AntRunHandler.recorderStuffEnterClearingLeaveTrail(AntRunHandler.java:25)
   has returned: "null"

############ Logging method invocation #28 on mock/spy ########
recorder.leave(
    Ant{name='Anthony', impatience=2, disguise=1000},
    Trail{from='C994', to='C976'}
);
   invoked: -> at com.pseuco.np21.AntRunHandler.recorderStuffEnterClearingLeaveTrail(AntRunHandler.java:26)
   has returned: "null"

############ Logging method invocation #29 on mock/spy ########
recorder.updateAnthill(
    Ant{name='Anthony', impatience=2, disguise=1000},
    Trail{from='C976', to='C994'},
    2
);
   invoked: -> at com.pseuco.np21.AntRunHandler.handleEnterClearingFoodSearch(AntRunHandler.java:101)
   has returned: "null"

############ Logging method invocation #30 on mock/spy ########
recorder.select(
    Ant{name='Anthony', impatience=2, disguise=1000},
    Trail{from='C976', to='C994'},
    [Trail{from='C994', to='C976'}],
    NO_FOOD_RETURN
);
   invoked: -> at com.pseuco.np21.AntRunHandler.GoBackByNoFoodReturn(AntRunHandler.java:158)
   has returned: "null"

############ Logging method invocation #31 on mock/spy ########
recorder.enter(
    Ant{name='Anthony', impatience=2, disguise=1000},
    Trail{from='C976', to='C994'}
);
   invoked: -> at com.pseuco.np21.AntRunHandler.EnterTrailRecorderStuff(AntRunHandler.java:68)
   has returned: "null"

############ Logging method invocation #32 on mock/spy ########
recorder.leave(
    Ant{name='Anthony', impatience=2, disguise=1000},
    Clearing{name='C976', trails=1, initialFood=0, capacity=5}
);
   invoked: -> at com.pseuco.np21.AntRunHandler.EnterTrailRecorderStuff(AntRunHandler.java:69)
   has returned: "null"

############ Logging method invocation #33 on mock/spy ########
recorder.enter(
    Ant{name='Anthony', impatience=2, disguise=1000},
    Clearing{name='C994', trails=3, initialFood=0, capacity=5}
);
   invoked: -> at com.pseuco.np21.AntRunHandler.recorderStuffEnterClearingLeaveTrail(AntRunHandler.java:25)
   has returned: "null"

############ Logging method invocation #34 on mock/spy ########
recorder.leave(
    Ant{name='Anthony', impatience=2, disguise=1000},
    Trail{from='C976', to='C994'}
);
   invoked: -> at com.pseuco.np21.AntRunHandler.recorderStuffEnterClearingLeaveTrail(AntRunHandler.java:26)
   has returned: "null"

############ Logging method invocation #35 on mock/spy ########
recorder.updateFood(
    Ant{name='Anthony', impatience=2, disguise=1000},
    Trail{from='C994', to='C976'},
    âˆž
);
   invoked: -> at com.pseuco.np21.AntRunHandler.GoBackByNoFoodReturn(AntRunHandler.java:167)
   has returned: "null"

############ Logging method invocation #36 on mock/spy ########
recorder.select(
    Ant{name='Anthony', impatience=2, disguise=1000},
    Trail{from='C994', to='Hill'},
    [Trail{from='C994', to='C976'}],
    NO_FOOD_RETURN
);
   invoked: -> at com.pseuco.np21.AntRunHandler.GoBackByNoFoodReturn(AntRunHandler.java:158)
   has returned: "null"

############ Logging method invocation #37 on mock/spy ########
recorder.enter(
    Ant{name='Anthony', impatience=2, disguise=1000},
    Trail{from='C994', to='Hill'}
);
   invoked: -> at com.pseuco.np21.AntRunHandler.EnterTrailRecorderStuff(AntRunHandler.java:68)
   has returned: "null"

############ Logging method invocation #38 on mock/spy ########
recorder.leave(
    Ant{name='Anthony', impatience=2, disguise=1000},
    Clearing{name='C994', trails=3, initialFood=0, capacity=5}
);
   invoked: -> at com.pseuco.np21.AntRunHandler.EnterTrailRecorderStuff(AntRunHandler.java:69)
   has returned: "null"

############ Logging method invocation #39 on mock/spy ########
recorder.enter(
    Ant{name='Anthony', impatience=2, disguise=1000},
    Clearing{name='Hill', trails=3, initialFood=0, capacity=âˆž}
);
   invoked: -> at com.pseuco.np21.AntRunHandler.recorderStuffEnterClearingLeaveTrail(AntRunHandler.java:25)
   has returned: "null"

############ Logging method invocation #40 on mock/spy ########
recorder.leave(
    Ant{name='Anthony', impatience=2, disguise=1000},
    Trail{from='C994', to='Hill'}
);
   invoked: -> at com.pseuco.np21.AntRunHandler.recorderStuffEnterClearingLeaveTrail(AntRunHandler.java:26)
   has returned: "null"

############ Logging method invocation #41 on mock/spy ########
recorder.updateFood(
    Ant{name='Anthony', impatience=2, disguise=1000},
    Trail{from='Hill', to='C994'},
    âˆž
);
   invoked: -> at com.pseuco.np21.AntRunHandler.GoBackByNoFoodReturn(AntRunHandler.java:167)
   has returned: "null"

############ Logging method invocation #42 on mock/spy ########
recorder.select(
    Ant{name='Anthony', impatience=2, disguise=1000},
    Trail{from='Hill', to='C987'},
    [Trail{from='Hill', to='C987'}],
    EXPLORATION
);
   invoked: -> at com.pseuco.np21.Ant.forwardMoving(Ant.java:190)
   has returned: "null"

############ Logging method invocation #43 on mock/spy ########
recorder.enter(
    Ant{name='Anthony', impatience=2, disguise=1000},
    Trail{from='Hill', to='C987'}
);
   invoked: -> at com.pseuco.np21.AntRunHandler.EnterTrailRecorderStuff(AntRunHandler.java:68)
   has returned: "null"

############ Logging method invocation #44 on mock/spy ########
recorder.leave(
    Ant{name='Anthony', impatience=2, disguise=1000},
    Clearing{name='Hill', trails=3, initialFood=0, capacity=âˆž}
);
   invoked: -> at com.pseuco.np21.AntRunHandler.EnterTrailRecorderStuff(AntRunHandler.java:69)
   has returned: "null"

############ Logging method invocation #45 on mock/spy ########
recorder.enter(
    Ant{name='Anthony', impatience=2, disguise=1000},
    Clearing{name='C987', trails=2, initialFood=0, capacity=4}
);
   invoked: -> at com.pseuco.np21.AntRunHandler.recorderStuffEnterClearingLeaveTrail(AntRunHandler.java:25)
   has returned: "null"

############ Logging method invocation #46 on mock/spy ########
recorder.leave(
    Ant{name='Anthony', impatience=2, disguise=1000},
    Trail{from='Hill', to='C987'}
);
   invoked: -> at com.pseuco.np21.AntRunHandler.recorderStuffEnterClearingLeaveTrail(AntRunHandler.java:26)
   has returned: "null"

############ Logging method invocation #47 on mock/spy ########
recorder.updateAnthill(
    Ant{name='Anthony', impatience=2, disguise=1000},
    Trail{from='C987', to='Hill'},
    1
);
   invoked: -> at com.pseuco.np21.AntRunHandler.handleEnterClearingFoodSearch(AntRunHandler.java:101)
   has returned: "null"

############ Logging method invocation #48 on mock/spy ########
recorder.select(
    Ant{name='Anthony', impatience=2, disguise=1000},
    Trail{from='C987', to='C998'},
    [Trail{from='C987', to='C998'}],
    EXPLORATION
);
   invoked: -> at com.pseuco.np21.Ant.forwardMoving(Ant.java:190)
   has returned: "null"

############ Logging method invocation #49 on mock/spy ########
recorder.enter(
    Ant{name='Anthony', impatience=2, disguise=1000},
    Trail{from='C987', to='C998'}
);
   invoked: -> at com.pseuco.np21.AntRunHandler.EnterTrailRecorderStuff(AntRunHandler.java:68)
   has returned: "null"

############ Logging method invocation #50 on mock/spy ########
recorder.leave(
    Ant{name='Anthony', impatience=2, disguise=1000},
    Clearing{name='C987', trails=2, initialFood=0, capacity=4}
);
   invoked: -> at com.pseuco.np21.AntRunHandler.EnterTrailRecorderStuff(AntRunHandler.java:69)
   has returned: "null"

############ Logging method invocation #51 on mock/spy ########
recorder.enter(
    Ant{name='Anthony', impatience=2, disguise=1000},
    Clearing{name='C998', trails=3, initialFood=0, capacity=5}
);
   invoked: -> at com.pseuco.np21.AntRunHandler.recorderStuffEnterClearingLeaveTrail(AntRunHandler.java:25)
   has returned: "null"

############ Logging method invocation #52 on mock/spy ########
recorder.leave(
    Ant{name='Anthony', impatience=2, disguise=1000},
    Trail{from='C987', to='C998'}
);
   invoked: -> at com.pseuco.np21.AntRunHandler.recorderStuffEnterClearingLeaveTrail(AntRunHandler.java:26)
   has returned: "null"

############ Logging method invocation #53 on mock/spy ########
recorder.updateAnthill(
    Ant{name='Anthony', impatience=2, disguise=1000},
    Trail{from='C998', to='C987'},
    2
);
   invoked: -> at com.pseuco.np21.AntRunHandler.handleEnterClearingFoodSearch(AntRunHandler.java:101)
   has returned: "null"

############ Logging method invocation #54 on mock/spy ########
recorder.select(
    Ant{name='Anthony', impatience=2, disguise=1000},
    Trail{from='C998', to='C991'},
    [Trail{from='C998', to='C991'}],
    EXPLORATION
);
   invoked: -> at com.pseuco.np21.Ant.forwardMoving(Ant.java:190)
   has returned: "null"

############ Logging method invocation #55 on mock/spy ########
recorder.enter(
    Ant{name='Anthony', impatience=2, disguise=1000},
    Trail{from='C998', to='C991'}
);
   invoked: -> at com.pseuco.np21.AntRunHandler.EnterTrailRecorderStuff(AntRunHandler.java:68)
   has returned: "null"

############ Logging method invocation #56 on mock/spy ########
recorder.leave(
    Ant{name='Anthony', impatience=2, disguise=1000},
    Clearing{name='C998', trails=3, initialFood=0, capacity=5}
);
   invoked: -> at com.pseuco.np21.AntRunHandler.EnterTrailRecorderStuff(AntRunHandler.java:69)
   has returned: "null"

############ Logging method invocation #57 on mock/spy ########
recorder.enter(
    Ant{name='Anthony', impatience=2, disguise=1000},
    Clearing{name='C991', trails=3, initialFood=0, capacity=2}
);
   invoked: -> at com.pseuco.np21.AntRunHandler.recorderStuffEnterClearingLeaveTrail(AntRunHandler.java:25)
   has returned: "null"

############ Logging method invocation #58 on mock/spy ########
recorder.leave(
    Ant{name='Anthony', impatience=2, disguise=1000},
    Trail{from='C998', to='C991'}
);
   invoked: -> at com.pseuco.np21.AntRunHandler.recorderStuffEnterClearingLeaveTrail(AntRunHandler.java:26)
   has returned: "null"

############ Logging method invocation #59 on mock/spy ########
recorder.updateAnthill(
    Ant{name='Anthony', impatience=2, disguise=1000},
    Trail{from='C991', to='C998'},
    3
);
   invoked: -> at com.pseuco.np21.AntRunHandler.handleEnterClearingFoodSearch(AntRunHandler.java:101)
   has returned: "null"

############ Logging method invocation #60 on mock/spy ########
recorder.select(
    Ant{name='Anthony', impatience=2, disguise=1000},
    Trail{from='C991', to='C995'},
    [Trail{from='C991', to='C995'}],
    EXPLORATION
);
   invoked: -> at com.pseuco.np21.Ant.forwardMoving(Ant.java:190)
   has returned: "null"

############ Logging method invocation #61 on mock/spy ########
recorder.enter(
    Ant{name='Anthony', impatience=2, disguise=1000},
    Trail{from='C991', to='C995'}
);
   invoked: -> at com.pseuco.np21.AntRunHandler.EnterTrailRecorderStuff(AntRunHandler.java:68)
   has returned: "null"

############ Logging method invocation #62 on mock/spy ########
recorder.leave(
    Ant{name='Anthony', impatience=2, disguise=1000},
    Clearing{name='C991', trails=3, initialFood=0, capacity=2}
);
   invoked: -> at com.pseuco.np21.AntRunHandler.EnterTrailRecorderStuff(AntRunHandler.java:69)
   has returned: "null"

############ Logging method invocation #63 on mock/spy ########
recorder.enter(
    Ant{name='Anthony', impatience=2, disguise=1000},
    Clearing{name='C995', trails=2, initialFood=0, capacity=4}
);
   invoked: -> at com.pseuco.np21.AntRunHandler.recorderStuffEnterClearingLeaveTrail(AntRunHandler.java:25)
   has returned: "null"

############ Logging method invocation #64 on mock/spy ########
recorder.leave(
    Ant{name='Anthony', impatience=2, disguise=1000},
    Trail{from='C991', to='C995'}
);
   invoked: -> at com.pseuco.np21.AntRunHandler.recorderStuffEnterClearingLeaveTrail(AntRunHandler.java:26)
   has returned: "null"

############ Logging method invocation #65 on mock/spy ########
recorder.updateAnthill(
    Ant{name='Anthony', impatience=2, disguise=1000},
    Trail{from='C995', to='C991'},
    4
);
   invoked: -> at com.pseuco.np21.AntRunHandler.handleEnterClearingFoodSearch(AntRunHandler.java:101)
   has returned: "null"

############ Logging method invocation #66 on mock/spy ########
recorder.select(
    Ant{name='Anthony', impatience=2, disguise=1000},
    Trail{from='C995', to='Hill'},
    [Trail{from='C995', to='Hill'}],
    EXPLORATION
);
   invoked: -> at com.pseuco.np21.Ant.forwardMoving(Ant.java:190)
   has returned: "null"

############ Logging method invocation #67 on mock/spy ########
recorder.enter(
    Ant{name='Anthony', impatience=2, disguise=1000},
    Trail{from='C995', to='Hill'}
);
   invoked: -> at com.pseuco.np21.AntRunHandler.EnterTrailRecorderStuff(AntRunHandler.java:68)
   has returned: "null"

############ Logging method invocation #68 on mock/spy ########
recorder.leave(
    Ant{name='Anthony', impatience=2, disguise=1000},
    Clearing{name='C995', trails=2, initialFood=0, capacity=4}
);
   invoked: -> at com.pseuco.np21.AntRunHandler.EnterTrailRecorderStuff(AntRunHandler.java:69)
   has returned: "null"

############ Logging method invocation #69 on mock/spy ########
recorder.enter(
    Ant{name='Anthony', impatience=2, disguise=1000},
    Clearing{name='Hill', trails=3, initialFood=0, capacity=âˆž}
);
   invoked: -> at com.pseuco.np21.AntRunHandler.recorderStuffEnterClearingLeaveTrail(AntRunHandler.java:25)
   has returned: "null"

############ Logging method invocation #70 on mock/spy ########
recorder.leave(
    Ant{name='Anthony', impatience=2, disguise=1000},
    Trail{from='C995', to='Hill'}
);
   invoked: -> at com.pseuco.np21.AntRunHandler.recorderStuffEnterClearingLeaveTrail(AntRunHandler.java:26)
   has returned: "null"

############ Logging method invocation #71 on mock/spy ########
recorder.select(
    Ant{name='Anthony', impatience=2, disguise=1000},
    Trail{from='Hill', to='C995'},
    [Trail{from='C995', to='Hill'}],
    IMMEDIATE_RETURN
);
   invoked: -> at com.pseuco.np21.AntRunHandler.goOneStepBackWithImmediatReturn(AntRunHandler.java:125)
   has returned: "null"

############ Logging method invocation #72 on mock/spy ########
recorder.enter(
    Ant{name='Anthony', impatience=2, disguise=1000},
    Trail{from='Hill', to='C995'}
);
   invoked: -> at com.pseuco.np21.AntRunHandler.EnterTrailRecorderStuff(AntRunHandler.java:68)
   has returned: "null"

############ Logging method invocation #73 on mock/spy ########
recorder.leave(
    Ant{name='Anthony', impatience=2, disguise=1000},
    Clearing{name='Hill', trails=3, initialFood=0, capacity=âˆž}
);
   invoked: -> at com.pseuco.np21.AntRunHandler.EnterTrailRecorderStuff(AntRunHandler.java:69)
   has returned: "null"

############ Logging method invocation #74 on mock/spy ########
recorder.enter(
    Ant{name='Anthony', impatience=2, disguise=1000},
    Clearing{name='C995', trails=2, initialFood=0, capacity=4}
);
   invoked: -> at com.pseuco.np21.AntRunHandler.recorderStuffEnterClearingLeaveTrail(AntRunHandler.java:25)
   has returned: "null"

############ Logging method invocation #75 on mock/spy ########
recorder.leave(
    Ant{name='Anthony', impatience=2, disguise=1000},
    Trail{from='Hill', to='C995'}
);
   invoked: -> at com.pseuco.np21.AntRunHandler.recorderStuffEnterClearingLeaveTrail(AntRunHandler.java:26)
   has returned: "null"

############ Logging method invocation #76 on mock/spy ########
recorder.select(
    Ant{name='Anthony', impatience=2, disguise=1000},
    Trail{from='C995', to='C991'},
    [Trail{from='C995', to='Hill'}],
    NO_FOOD_RETURN
);
   invoked: -> at com.pseuco.np21.AntRunHandler.GoBackByNoFoodReturn(AntRunHandler.java:158)
   has returned: "null"

############ Logging method invocation #77 on mock/spy ########
recorder.enter(
    Ant{name='Anthony', impatience=2, disguise=1000},
    Trail{from='C995', to='C991'}
);
   invoked: -> at com.pseuco.np21.AntRunHandler.EnterTrailRecorderStuff(AntRunHandler.java:68)
   has returned: "null"

############ Logging method invocation #78 on mock/spy ########
recorder.leave(
    Ant{name='Anthony', impatience=2, disguise=1000},
    Clearing{name='C995', trails=2, initialFood=0, capacity=4}
);
   invoked: -> at com.pseuco.np21.AntRunHandler.EnterTrailRecorderStuff(AntRunHandler.java:69)
   has returned: "null"

############ Logging method invocation #79 on mock/spy ########
recorder.enter(
    Ant{name='Anthony', impatience=2, disguise=1000},
    Clearing{name='C991', trails=3, initialFood=0, capacity=2}
);
   invoked: -> at com.pseuco.np21.AntRunHandler.recorderStuffEnterClearingLeaveTrail(AntRunHandler.java:25)
   has returned: "null"

############ Logging method invocation #80 on mock/spy ########
recorder.leave(
    Ant{name='Anthony', impatience=2, disguise=1000},
    Trail{from='C995', to='C991'}
);
   invoked: -> at com.pseuco.np21.AntRunHandler.recorderStuffEnterClearingLeaveTrail(AntRunHandler.java:26)
   has returned: "null"

############ Logging method invocation #81 on mock/spy ########
recorder.updateFood(
    Ant{name='Anthony', impatience=2, disguise=1000},
    Trail{from='C991', to='C995'},
    âˆž
);
   invoked: -> at com.pseuco.np21.AntRunHandler.GoBackByNoFoodReturn(AntRunHandler.java:167)
   has returned: "null"

############ Logging method invocation #82 on mock/spy ########
recorder.select(
    Ant{name='Anthony', impatience=2, disguise=1000},
    Trail{from='C991', to='C998'},
    [Trail{from='C995', to='Hill'}],
    NO_FOOD_RETURN
);
   invoked: -> at com.pseuco.np21.AntRunHandler.GoBackByNoFoodReturn(AntRunHandler.java:158)
   has returned: "null"

############ Logging method invocation #83 on mock/spy ########
recorder.enter(
    Ant{name='Anthony', impatience=2, disguise=1000},
    Trail{from='C991', to='C998'}
);
   invoked: -> at com.pseuco.np21.AntRunHandler.EnterTrailRecorderStuff(AntRunHandler.java:68)
   has returned: "null"

############ Logging method invocation #84 on mock/spy ########
recorder.leave(
    Ant{name='Anthony', impatience=2, disguise=1000},
    Clearing{name='C991', trails=3, initialFood=0, capacity=2}
);
   invoked: -> at com.pseuco.np21.AntRunHandler.EnterTrailRecorderStuff(AntRunHandler.java:69)
   has returned: "null"

############ Logging method invocation #85 on mock/spy ########
recorder.enter(
    Ant{name='Anthony', impatience=2, disguise=1000},
    Clearing{name='C998', trails=3, initialFood=0, capacity=5}
);
   invoked: -> at com.pseuco.np21.AntRunHandler.recorderStuffEnterClearingLeaveTrail(AntRunHandler.java:25)
   has returned: "null"

############ Logging method invocation #86 on mock/spy ########
recorder.leave(
    Ant{name='Anthony', impatience=2, disguise=1000},
    Trail{from='C991', to='C998'}
);
   invoked: -> at com.pseuco.np21.AntRunHandler.recorderStuffEnterClearingLeaveTrail(AntRunHandler.java:26)
   has returned: "null"

############ Logging method invocation #87 on mock/spy ########
recorder.updateFood(
    Ant{name='Anthony', impatience=2, disguise=1000},
    Trail{from='C998', to='C991'},
    âˆž
);
   invoked: -> at com.pseuco.np21.AntRunHandler.GoBackByNoFoodReturn(AntRunHandler.java:167)
   has returned: "null"

############ Logging method invocation #88 on mock/spy ########
recorder.select(
    Ant{name='Anthony', impatience=2, disguise=1000},
    Trail{from='C998', to='C987'},
    [Trail{from='C995', to='Hill'}],
    NO_FOOD_RETURN
);
   invoked: -> at com.pseuco.np21.AntRunHandler.GoBackByNoFoodReturn(AntRunHandler.java:158)
   has returned: "null"

############ Logging method invocation #89 on mock/spy ########
recorder.enter(
    Ant{name='Anthony', impatience=2, disguise=1000},
    Trail{from='C998', to='C987'}
);
   invoked: -> at com.pseuco.np21.AntRunHandler.EnterTrailRecorderStuff(AntRunHandler.java:68)
   has returned: "null"

############ Logging method invocation #90 on mock/spy ########
recorder.leave(
    Ant{name='Anthony', impatience=2, disguise=1000},
    Clearing{name='C998', trails=3, initialFood=0, capacity=5}
);
   invoked: -> at com.pseuco.np21.AntRunHandler.EnterTrailRecorderStuff(AntRunHandler.java:69)
   has returned: "null"

############ Logging method invocation #91 on mock/spy ########
recorder.enter(
    Ant{name='Anthony', impatience=2, disguise=1000},
    Clearing{name='C987', trails=2, initialFood=0, capacity=4}
);
   invoked: -> at com.pseuco.np21.AntRunHandler.recorderStuffEnterClearingLeaveTrail(AntRunHandler.java:25)
   has returned: "null"

############ Logging method invocation #92 on mock/spy ########
recorder.leave(
    Ant{name='Anthony', impatience=2, disguise=1000},
    Trail{from='C998', to='C987'}
);
   invoked: -> at com.pseuco.np21.AntRunHandler.recorderStuffEnterClearingLeaveTrail(AntRunHandler.java:26)
   has returned: "null"

############ Logging method invocation #93 on mock/spy ########
recorder.updateFood(
    Ant{name='Anthony', impatience=2, disguise=1000},
    Trail{from='C987', to='C998'},
    âˆž
);
   invoked: -> at com.pseuco.np21.AntRunHandler.GoBackByNoFoodReturn(AntRunHandler.java:167)
   has returned: "null"

############ Logging method invocation #94 on mock/spy ########
recorder.select(
    Ant{name='Anthony', impatience=2, disguise=1000},
    Trail{from='C987', to='Hill'},
    [Trail{from='C995', to='Hill'}],
    NO_FOOD_RETURN
);
   invoked: -> at com.pseuco.np21.AntRunHandler.GoBackByNoFoodReturn(AntRunHandler.java:158)
   has returned: "null"

############ Logging method invocation #95 on mock/spy ########
recorder.enter(
    Ant{name='Anthony', impatience=2, disguise=1000},
    Trail{from='C987', to='Hill'}
);
   invoked: -> at com.pseuco.np21.AntRunHandler.EnterTrailRecorderStuff(AntRunHandler.java:68)
   has returned: "null"

############ Logging method invocation #96 on mock/spy ########
recorder.leave(
    Ant{name='Anthony', impatience=2, disguise=1000},
    Clearing{name='C987', trails=2, initialFood=0, capacity=4}
);
   invoked: -> at com.pseuco.np21.AntRunHandler.EnterTrailRecorderStuff(AntRunHandler.java:69)
   has returned: "null"

############ Logging method invocation #97 on mock/spy ########
recorder.enter(
    Ant{name='Anthony', impatience=2, disguise=1000},
    Clearing{name='Hill', trails=3, initialFood=0, capacity=âˆž}
);
   invoked: -> at com.pseuco.np21.AntRunHandler.recorderStuffEnterClearingLeaveTrail(AntRunHandler.java:25)
   has returned: "null"

############ Logging method invocation #98 on mock/spy ########
recorder.leave(
    Ant{name='Anthony', impatience=2, disguise=1000},
    Trail{from='C987', to='Hill'}
);
   invoked: -> at com.pseuco.np21.AntRunHandler.recorderStuffEnterClearingLeaveTrail(AntRunHandler.java:26)
   has returned: "null"

############ Logging method invocation #99 on mock/spy ########
recorder.updateFood(
    Ant{name='Anthony', impatience=2, disguise=1000},
    Trail{from='Hill', to='C987'},
    âˆž
);
   invoked: -> at com.pseuco.np21.AntRunHandler.GoBackByNoFoodReturn(AntRunHandler.java:167)
   has returned: "null"

############ Logging method invocation #100 on mock/spy ########
recorder.leave(
    Ant{name='Anthony', impatience=2, disguise=1000},
    Clearing{name='Hill', trails=3, initialFood=0, capacity=âˆž}
);
   invoked: -> at com.pseuco.np21.AntRunHandler.leaveAndInterruptAtHill(AntRunHandler.java:189)
   has returned: "null"

############ Logging method invocation #101 on mock/spy ########
recorder.despawn(
    Ant{name='Anthony', impatience=2, disguise=1000},
    TERMINATED
);
   invoked: -> at com.pseuco.np21.AntRunHandler.leaveAndInterruptAtHill(AntRunHandler.java:195)
   has returned: "null"

############ Logging method invocation #102 on mock/spy ########
recorder.stop();
   invoked: -> at com.pseuco.np21.Simulator.run(Simulator.java:75)
   has returned: "null"

############ Logging method invocation #103 on mock/spy ########
recorder.start();
   invoked: -> at com.pseuco.np21.SingleAntNoFood.run(SingleAntNoFood.java:126)
   has returned: "null"

############ Logging method invocation #104 on mock/spy ########
recorder.spawn(null);
   invoked: -> at com.pseuco.np21.SingleAntNoFood.run(SingleAntNoFood.java:128)
   has returned: "null"

############ Logging method invocation #105 on mock/spy ########
recorder.enter(null, null);
   invoked: -> at com.pseuco.np21.SingleAntNoFood.run(SingleAntNoFood.java:129)
   has returned: "null"

############ Logging method invocation #106 on mock/spy ########
recorder.startFoodSearch(null);
   invoked: -> at com.pseuco.np21.SingleAntNoFood.run(SingleAntNoFood.java:131)
   has returned: "null"

############ Logging method invocation #107 on mock/spy ########
recorder.startExploration(null);
   invoked: -> at com.pseuco.np21.SingleAntNoFood.run(SingleAntNoFood.java:133)
   has returned: "null"

############ Logging method invocation #108 on mock/spy ########
recorder.select(null, null, null, null);
   invoked: -> at com.pseuco.np21.SingleAntNoFood.run(SingleAntNoFood.java:136)
   has returned: "null"

############ Logging method invocation #109 on mock/spy ########
recorder.enter(
    Ant{name='Anthony', impatience=2, disguise=1000},
    Trail{from='Hill', to='C994'}
);
   invoked: -> at com.pseuco.np21.SingleAntNoFood.lambda$run$3(SingleAntNoFood.java:145)
   has returned: "null"

############ Logging method invocation #110 on mock/spy ########
recorder.leave(
    Ant{name='Anthony', impatience=2, disguise=1000},
    Clearing{name='Hill', trails=3, initialFood=0, capacity=âˆž}
);
   invoked: -> at com.pseuco.np21.SingleAntNoFood.lambda$run$3(SingleAntNoFood.java:146)
   has returned: "null"

############ Logging method invocation #111 on mock/spy ########
recorder.enter(
    Ant{name='Anthony', impatience=2, disguise=1000},
    Clearing{name='C994', trails=3, initialFood=0, capacity=5}
);
   invoked: -> at com.pseuco.np21.SingleAntNoFood.lambda$run$3(SingleAntNoFood.java:177)
   has returned: "null"

############ Logging method invocation #112 on mock/spy ########
recorder.leave(
    Ant{name='Anthony', impatience=2, disguise=1000},
    Trail{from='Hill', to='C994'}
);
   invoked: -> at com.pseuco.np21.SingleAntNoFood.lambda$run$3(SingleAntNoFood.java:178)
   has returned: "null"

############ Logging method invocation #113 on mock/spy ########
recorder.updateAnthill(
    Ant{name='Anthony', impatience=2, disguise=1000},
    Trail{from='C994', to='Hill'},
    1
);
   invoked: -> at com.pseuco.np21.SingleAntNoFood.lambda$run$3(SingleAntNoFood.java:180)
   has returned: "null"

############ Logging method invocation #114 on mock/spy ########
recorder.select(null, null, null, null);
   invoked: -> at com.pseuco.np21.SingleAntNoFood.lambda$run$3(SingleAntNoFood.java:183)
   has returned: "null"

############ Logging method invocation #115 on mock/spy ########
recorder.enter(
    Ant{name='Anthony', impatience=2, disguise=1000},
    Trail{from='C994', to='C984'}
);
   invoked: -> at com.pseuco.np21.SingleAntNoFood.lambda$run$2(SingleAntNoFood.java:192)
   has returned: "null"

############ Logging method invocation #116 on mock/spy ########
recorder.leave(
    Ant{name='Anthony', impatience=2, disguise=1000},
    Clearing{name='C994', trails=3, initialFood=0, capacity=5}
);
   invoked: -> at com.pseuco.np21.SingleAntNoFood.lambda$run$2(SingleAntNoFood.java:193)
   has returned: "null"

############ Logging method invocation #117 on mock/spy ########
recorder.enter(
    Ant{name='Anthony', impatience=2, disguise=1000},
    Clearing{name='C984', trails=1, initialFood=0, capacity=1}
);
   invoked: -> at com.pseuco.np21.SingleAntNoFood.lambda$run$2(SingleAntNoFood.java:195)
   has returned: "null"

############ Logging method invocation #118 on mock/spy ########
recorder.leave(
    Ant{name='Anthony', impatience=2, disguise=1000},
    Trail{from='C994', to='C984'}
);
   invoked: -> at com.pseuco.np21.SingleAntNoFood.lambda$run$2(SingleAntNoFood.java:196)
   has returned: "null"

############ Logging method invocation #119 on mock/spy ########
recorder.updateAnthill(
    Ant{name='Anthony', impatience=2, disguise=1000},
    Trail{from='C984', to='C994'},
    2
);
   invoked: -> at com.pseuco.np21.SingleAntNoFood.lambda$run$2(SingleAntNoFood.java:197)
   has returned: "null"

############ Logging method invocation #120 on mock/spy ########
recorder.select(null, null, null, null);
   invoked: -> at com.pseuco.np21.SingleAntNoFood.returnTrail(SingleAntNoFood.java:262)
   has returned: "null"

############ Logging method invocation #121 on mock/spy ########
recorder.enter(
    Ant{name='Anthony', impatience=2, disguise=1000},
    Trail{from='C984', to='C994'}
);
   invoked: -> at com.pseuco.np21.SingleAntNoFood.returnTrail(SingleAntNoFood.java:263)
   has returned: "null"

############ Logging method invocation #122 on mock/spy ########
recorder.leave(
    Ant{name='Anthony', impatience=2, disguise=1000},
    Clearing{name='C984', trails=1, initialFood=0, capacity=1}
);
   invoked: -> at com.pseuco.np21.SingleAntNoFood.returnTrail(SingleAntNoFood.java:264)
   has returned: "null"

############ Logging method invocation #123 on mock/spy ########
recorder.enter(
    Ant{name='Anthony', impatience=2, disguise=1000},
    Clearing{name='C994', trails=3, initialFood=0, capacity=5}
);
   invoked: -> at com.pseuco.np21.SingleAntNoFood.returnTrail(SingleAntNoFood.java:265)
   has returned: "null"

############ Logging method invocation #124 on mock/spy ########
recorder.leave(
    Ant{name='Anthony', impatience=2, disguise=1000},
    Trail{from='C984', to='C994'}
);
   invoked: -> at com.pseuco.np21.SingleAntNoFood.returnTrail(SingleAntNoFood.java:266)
   has returned: "null"

############ Logging method invocation #125 on mock/spy ########
recorder.updateFood(
    Ant{name='Anthony', impatience=2, disguise=1000},
    Trail{from='C994', to='C984'},
    âˆž
);
   invoked: -> at com.pseuco.np21.SingleAntNoFood.returnTrail(SingleAntNoFood.java:267)
   has returned: "null"

############ Logging method invocation #126 on mock/spy ########
recorder.select(null, null, null, null);
   invoked: -> at com.pseuco.np21.SingleAntNoFood.lambda$run$3(SingleAntNoFood.java:210)
   has returned: "null"

############ Logging method invocation #127 on mock/spy ########
recorder.enter(
    Ant{name='Anthony', impatience=2, disguise=1000},
    Trail{from='C994', to='C976'}
);
   invoked: -> at com.pseuco.np21.SingleAntNoFood.lambda$run$2(SingleAntNoFood.java:192)
   has returned: "null"

############ Logging method invocation #128 on mock/spy ########
recorder.leave(
    Ant{name='Anthony', impatience=2, disguise=1000},
    Clearing{name='C994', trails=3, initialFood=0, capacity=5}
);
   invoked: -> at com.pseuco.np21.SingleAntNoFood.lambda$run$2(SingleAntNoFood.java:193)
   has returned: "null"

############ Logging method invocation #129 on mock/spy ########
recorder.enter(
    Ant{name='Anthony', impatience=2, disguise=1000},
    Clearing{name='C976', trails=1, initialFood=0, capacity=5}
);
   invoked: -> at com.pseuco.np21.SingleAntNoFood.lambda$run$2(SingleAntNoFood.java:195)
   has returned: "null"

############ Logging method invocation #130 on mock/spy ########
recorder.leave(
    Ant{name='Anthony', impatience=2, disguise=1000},
    Trail{from='C994', to='C976'}
);
   invoked: -> at com.pseuco.np21.SingleAntNoFood.lambda$run$2(SingleAntNoFood.java:196)
   has returned: "null"

############ Logging method invocation #131 on mock/spy ########
recorder.updateAnthill(
    Ant{name='Anthony', impatience=2, disguise=1000},
    Trail{from='C976', to='C994'},
    2
);
   invoked: -> at com.pseuco.np21.SingleAntNoFood.lambda$run$2(SingleAntNoFood.java:197)
   has returned: "null"

############ Logging method invocation #132 on mock/spy ########
recorder.select(null, null, null, null);
   invoked: -> at com.pseuco.np21.SingleAntNoFood.returnTrail(SingleAntNoFood.java:262)
   has returned: "null"

############ Logging method invocation #133 on mock/spy ########
recorder.enter(
    Ant{name='Anthony', impatience=2, disguise=1000},
    Trail{from='C976', to='C994'}
);
   invoked: -> at com.pseuco.np21.SingleAntNoFood.returnTrail(SingleAntNoFood.java:263)
   has returned: "null"

############ Logging method invocation #134 on mock/spy ########
recorder.leave(
    Ant{name='Anthony', impatience=2, disguise=1000},
    Clearing{name='C976', trails=1, initialFood=0, capacity=5}
);
   invoked: -> at com.pseuco.np21.SingleAntNoFood.returnTrail(SingleAntNoFood.java:264)
   has returned: "null"

############ Logging method invocation #135 on mock/spy ########
recorder.enter(
    Ant{name='Anthony', impatience=2, disguise=1000},
    Clearing{name='C994', trails=3, initialFood=0, capacity=5}
);
   invoked: -> at com.pseuco.np21.SingleAntNoFood.returnTrail(SingleAntNoFood.java:265)
   has returned: "null"

############ Logging method invocation #136 on mock/spy ########
recorder.leave(
    Ant{name='Anthony', impatience=2, disguise=1000},
    Trail{from='C976', to='C994'}
);
   invoked: -> at com.pseuco.np21.SingleAntNoFood.returnTrail(SingleAntNoFood.java:266)
   has returned: "null"

############ Logging method invocation #137 on mock/spy ########
recorder.updateFood(
    Ant{name='Anthony', impatience=2, disguise=1000},
    Trail{from='C994', to='C976'},
    âˆž
);
   invoked: -> at com.pseuco.np21.SingleAntNoFood.returnTrail(SingleAntNoFood.java:267)
   has returned: "null"

############ Logging method invocation #138 on mock/spy ########
recorder.select(null, null, null, null);
   invoked: -> at com.pseuco.np21.SingleAntNoFood.returnTrail(SingleAntNoFood.java:262)
   has returned: "null"

############ Logging method invocation #139 on mock/spy ########
recorder.enter(
    Ant{name='Anthony', impatience=2, disguise=1000},
    Trail{from='C994', to='Hill'}
);
   invoked: -> at com.pseuco.np21.SingleAntNoFood.returnTrail(SingleAntNoFood.java:263)
   has returned: "null"

############ Logging method invocation #140 on mock/spy ########
recorder.leave(
    Ant{name='Anthony', impatience=2, disguise=1000},
    Clearing{name='C994', trails=3, initialFood=0, capacity=5}
);
   invoked: -> at com.pseuco.np21.SingleAntNoFood.returnTrail(SingleAntNoFood.java:264)
   has returned: "null"

############ Logging method invocation #141 on mock/spy ########
recorder.enter(
    Ant{name='Anthony', impatience=2, disguise=1000},
    Clearing{name='Hill', trails=3, initialFood=0, capacity=âˆž}
);
   invoked: -> at com.pseuco.np21.SingleAntNoFood.returnTrail(SingleAntNoFood.java:265)
   has returned: "null"

############ Logging method invocation #142 on mock/spy ########
recorder.leave(
    Ant{name='Anthony', impatience=2, disguise=1000},
    Trail{from='C994', to='Hill'}
);
   invoked: -> at com.pseuco.np21.SingleAntNoFood.returnTrail(SingleAntNoFood.java:266)
   has returned: "null"

############ Logging method invocation #143 on mock/spy ########
recorder.updateFood(
    Ant{name='Anthony', impatience=2, disguise=1000},
    Trail{from='Hill', to='C994'},
    âˆž
);
   invoked: -> at com.pseuco.np21.SingleAntNoFood.returnTrail(SingleAntNoFood.java:267)
   has returned: "null"

############ Logging method invocation #144 on mock/spy ########
recorder.select(
    Ant{name='Anthony', impatience=2, disguise=1000},
    Trail{from='Hill', to='C987'},
    [Trail{from='Hill', to='C987'}],
    EXPLORATION
);
   invoked: -> at com.pseuco.np21.SingleAntNoFood.run(SingleAntNoFood.java:232)
   has returned: "null"

############ Logging method invocation #145 on mock/spy ########
recorder.enter(
    Ant{name='Anthony', impatience=2, disguise=1000},
    Trail{from='Hill', to='C987'}
);
   invoked: -> at com.pseuco.np21.SingleAntNoFood.lambda$run$3(SingleAntNoFood.java:145)
   has returned: "null"

############ Logging method invocation #146 on mock/spy ########
recorder.leave(
    Ant{name='Anthony', impatience=2, disguise=1000},
    Clearing{name='Hill', trails=3, initialFood=0, capacity=âˆž}
);
   invoked: -> at com.pseuco.np21.SingleAntNoFood.lambda$run$3(SingleAntNoFood.java:146)
   has returned: "null"

############ Logging method invocation #147 on mock/spy ########
recorder.enter(
    Ant{name='Anthony', impatience=2, disguise=1000},
    Clearing{name='C987', trails=2, initialFood=0, capacity=4}
);
   invoked: -> at com.pseuco.np21.SingleAntNoFood.lambda$run$3(SingleAntNoFood.java:149)
   has returned: "null"

############ Logging method invocation #148 on mock/spy ########
recorder.leave(
    Ant{name='Anthony', impatience=2, disguise=1000},
    Trail{from='Hill', to='C987'}
);
   invoked: -> at com.pseuco.np21.SingleAntNoFood.lambda$run$3(SingleAntNoFood.java:150)
   has returned: "null"

############ Logging method invocation #149 on mock/spy ########
recorder.updateAnthill(
    Ant{name='Anthony', impatience=2, disguise=1000},
    Trail{from='C987', to='Hill'},
    1
);
   invoked: -> at com.pseuco.np21.SingleAntNoFood.lambda$run$3(SingleAntNoFood.java:152)
   has returned: "null"

############ Logging method invocation #150 on mock/spy ########
recorder.select(
    Ant{name='Anthony', impatience=2, disguise=1000},
    Trail{from='C987', to='C998'},
    [Trail{from='C987', to='C998'}],
    EXPLORATION
);
   invoked: -> at com.pseuco.np21.SingleAntNoFood.exploreSingleTrail(SingleAntNoFood.java:254)
   has returned: "null"

############ Logging method invocation #151 on mock/spy ########
recorder.enter(
    Ant{name='Anthony', impatience=2, disguise=1000},
    Trail{from='C987', to='C998'}
);
   invoked: -> at com.pseuco.np21.SingleAntNoFood.exploreSingleTrail(SingleAntNoFood.java:255)
   has returned: "null"

############ Logging method invocation #152 on mock/spy ########
recorder.leave(
    Ant{name='Anthony', impatience=2, disguise=1000},
    Clearing{name='C987', trails=2, initialFood=0, capacity=4}
);
   invoked: -> at com.pseuco.np21.SingleAntNoFood.exploreSingleTrail(SingleAntNoFood.java:256)
   has returned: "null"

############ Logging method invocation #153 on mock/spy ########
recorder.enter(
    Ant{name='Anthony', impatience=2, disguise=1000},
    Clearing{name='C998', trails=3, initialFood=0, capacity=5}
);
   invoked: -> at com.pseuco.np21.SingleAntNoFood.exploreSingleTrail(SingleAntNoFood.java:257)
   has returned: "null"

############ Logging method invocation #154 on mock/spy ########
recorder.leave(
    Ant{name='Anthony', impatience=2, disguise=1000},
    Trail{from='C987', to='C998'}
);
   invoked: -> at com.pseuco.np21.SingleAntNoFood.exploreSingleTrail(SingleAntNoFood.java:258)
   has returned: "null"

############ Logging method invocation #155 on mock/spy ########
recorder.updateAnthill(
    Ant{name='Anthony', impatience=2, disguise=1000},
    Trail{from='C998', to='C987'},
    2
);
   invoked: -> at com.pseuco.np21.SingleAntNoFood.lambda$run$3(SingleAntNoFood.java:156)
   has returned: "null"

############ Logging method invocation #156 on mock/spy ########
recorder.select(
    Ant{name='Anthony', impatience=2, disguise=1000},
    Trail{from='C998', to='C991'},
    [Trail{from='C998', to='C991'}],
    EXPLORATION
);
   invoked: -> at com.pseuco.np21.SingleAntNoFood.exploreSingleTrail(SingleAntNoFood.java:254)
   has returned: "null"

############ Logging method invocation #157 on mock/spy ########
recorder.enter(
    Ant{name='Anthony', impatience=2, disguise=1000},
    Trail{from='C998', to='C991'}
);
   invoked: -> at com.pseuco.np21.SingleAntNoFood.exploreSingleTrail(SingleAntNoFood.java:255)
   has returned: "null"

############ Logging method invocation #158 on mock/spy ########
recorder.leave(
    Ant{name='Anthony', impatience=2, disguise=1000},
    Clearing{name='C998', trails=3, initialFood=0, capacity=5}
);
   invoked: -> at com.pseuco.np21.SingleAntNoFood.exploreSingleTrail(SingleAntNoFood.java:256)
   has returned: "null"

############ Logging method invocation #159 on mock/spy ########
recorder.enter(
    Ant{name='Anthony', impatience=2, disguise=1000},
    Clearing{name='C991', trails=3, initialFood=0, capacity=2}
);
   invoked: -> at com.pseuco.np21.SingleAntNoFood.exploreSingleTrail(SingleAntNoFood.java:257)
   has returned: "null"

############ Logging method invocation #160 on mock/spy ########
recorder.leave(
    Ant{name='Anthony', impatience=2, disguise=1000},
    Trail{from='C998', to='C991'}
);
   invoked: -> at com.pseuco.np21.SingleAntNoFood.exploreSingleTrail(SingleAntNoFood.java:258)
   has returned: "null"

############ Logging method invocation #161 on mock/spy ########
recorder.updateAnthill(
    Ant{name='Anthony', impatience=2, disguise=1000},
    Trail{from='C991', to='C998'},
    3
);
   invoked: -> at com.pseuco.np21.SingleAntNoFood.lambda$run$3(SingleAntNoFood.java:160)
   has returned: "null"

############ Logging method invocation #162 on mock/spy ########
recorder.select(
    Ant{name='Anthony', impatience=2, disguise=1000},
    Trail{from='C991', to='C995'},
    [Trail{from='C991', to='C995'}],
    EXPLORATION
);
   invoked: -> at com.pseuco.np21.SingleAntNoFood.exploreSingleTrail(SingleAntNoFood.java:254)
   has returned: "null"

############ Logging method invocation #163 on mock/spy ########
recorder.enter(
    Ant{name='Anthony', impatience=2, disguise=1000},
    Trail{from='C991', to='C995'}
);
   invoked: -> at com.pseuco.np21.SingleAntNoFood.exploreSingleTrail(SingleAntNoFood.java:255)
   has returned: "null"

############ Logging method invocation #164 on mock/spy ########
recorder.leave(
    Ant{name='Anthony', impatience=2, disguise=1000},
    Clearing{name='C991', trails=3, initialFood=0, capacity=2}
);
   invoked: -> at com.pseuco.np21.SingleAntNoFood.exploreSingleTrail(SingleAntNoFood.java:256)
   has returned: "null"

############ Logging method invocation #165 on mock/spy ########
recorder.enter(
    Ant{name='Anthony', impatience=2, disguise=1000},
    Clearing{name='C995', trails=2, initialFood=0, capacity=4}
);
   invoked: -> at com.pseuco.np21.SingleAntNoFood.exploreSingleTrail(SingleAntNoFood.java:257)
   has returned: "null"

############ Logging method invocation #166 on mock/spy ########
recorder.leave(
    Ant{name='Anthony', impatience=2, disguise=1000},
    Trail{from='C991', to='C995'}
);
   invoked: -> at com.pseuco.np21.SingleAntNoFood.exploreSingleTrail(SingleAntNoFood.java:258)
   has returned: "null"

############ Logging method invocation #167 on mock/spy ########
recorder.updateAnthill(
    Ant{name='Anthony', impatience=2, disguise=1000},
    Trail{from='C995', to='C991'},
    4
);
   invoked: -> at com.pseuco.np21.SingleAntNoFood.lambda$run$3(SingleAntNoFood.java:164)
   has returned: "null"

############ Logging method invocation #168 on mock/spy ########
recorder.select(
    Ant{name='Anthony', impatience=2, disguise=1000},
    Trail{from='C995', to='Hill'},
    [Trail{from='C995', to='Hill'}],
    EXPLORATION
);
   invoked: -> at com.pseuco.np21.SingleAntNoFood.exploreSingleTrail(SingleAntNoFood.java:254)
   has returned: "null"

############ Logging method invocation #169 on mock/spy ########
recorder.enter(
    Ant{name='Anthony', impatience=2, disguise=1000},
    Trail{from='C995', to='Hill'}
);
   invoked: -> at com.pseuco.np21.SingleAntNoFood.exploreSingleTrail(SingleAntNoFood.java:255)
   has returned: "null"

############ Logging method invocation #170 on mock/spy ########
recorder.leave(
    Ant{name='Anthony', impatience=2, disguise=1000},
    Clearing{name='C995', trails=2, initialFood=0, capacity=4}
);
   invoked: -> at com.pseuco.np21.SingleAntNoFood.exploreSingleTrail(SingleAntNoFood.java:256)
   has returned: "null"

############ Logging method invocation #171 on mock/spy ########
recorder.enter(
    Ant{name='Anthony', impatience=2, disguise=1000},
    Clearing{name='Hill', trails=3, initialFood=0, capacity=âˆž}
);
   invoked: -> at com.pseuco.np21.SingleAntNoFood.exploreSingleTrail(SingleAntNoFood.java:257)
   has returned: "null"

############ Logging method invocation #172 on mock/spy ########
recorder.leave(
    Ant{name='Anthony', impatience=2, disguise=1000},
    Trail{from='C995', to='Hill'}
);
   invoked: -> at com.pseuco.np21.SingleAntNoFood.exploreSingleTrail(SingleAntNoFood.java:258)
   has returned: "null"

############ Logging method invocation #173 on mock/spy ########
recorder.select(null, null, null, null);
   invoked: -> at com.pseuco.np21.SingleAntNoFood.returnImmediate(SingleAntNoFood.java:246)
   has returned: "null"

############ Logging method invocation #174 on mock/spy ########
recorder.enter(
    Ant{name='Anthony', impatience=2, disguise=1000},
    Trail{from='Hill', to='C995'}
);
   invoked: -> at com.pseuco.np21.SingleAntNoFood.returnImmediate(SingleAntNoFood.java:247)
   has returned: "null"

############ Logging method invocation #175 on mock/spy ########
recorder.leave(
    Ant{name='Anthony', impatience=2, disguise=1000},
    Clearing{name='Hill', trails=3, initialFood=0, capacity=âˆž}
);
   invoked: -> at com.pseuco.np21.SingleAntNoFood.returnImmediate(SingleAntNoFood.java:248)
   has returned: "null"

############ Logging method invocation #176 on mock/spy ########
recorder.enter(
    Ant{name='Anthony', impatience=2, disguise=1000},
    Clearing{name='C995', trails=2, initialFood=0, capacity=4}
);
   invoked: -> at com.pseuco.np21.SingleAntNoFood.returnImmediate(SingleAntNoFood.java:249)
   has returned: "null"

############ Logging method invocation #177 on mock/spy ########
recorder.leave(
    Ant{name='Anthony', impatience=2, disguise=1000},
    Trail{from='Hill', to='C995'}
);
   invoked: -> at com.pseuco.np21.SingleAntNoFood.returnImmediate(SingleAntNoFood.java:250)
   has returned: "null"

############ Logging method invocation #178 on mock/spy ########
recorder.select(null, null, null, null);
   invoked: -> at com.pseuco.np21.SingleAntNoFood.returnTrail(SingleAntNoFood.java:262)
   has returned: "null"

############ Logging method invocation #179 on mock/spy ########
recorder.enter(
    Ant{name='Anthony', impatience=2, disguise=1000},
    Trail{from='C995', to='C991'}
);
   invoked: -> at com.pseuco.np21.SingleAntNoFood.returnTrail(SingleAntNoFood.java:263)
   has returned: "null"

############ Logging method invocation #180 on mock/spy ########
recorder.leave(
    Ant{name='Anthony', impatience=2, disguise=1000},
    Clearing{name='C995', trails=2, initialFood=0, capacity=4}
);
   invoked: -> at com.pseuco.np21.SingleAntNoFood.returnTrail(SingleAntNoFood.java:264)
   has returned: "null"

############ Logging method invocation #181 on mock/spy ########
recorder.enter(
    Ant{name='Anthony', impatience=2, disguise=1000},
    Clearing{name='C991', trails=3, initialFood=0, capacity=2}
);
   invoked: -> at com.pseuco.np21.SingleAntNoFood.returnTrail(SingleAntNoFood.java:265)
   has returned: "null"

############ Logging method invocation #182 on mock/spy ########
recorder.leave(
    Ant{name='Anthony', impatience=2, disguise=1000},
    Trail{from='C995', to='C991'}
);
   invoked: -> at com.pseuco.np21.SingleAntNoFood.returnTrail(SingleAntNoFood.java:266)
   has returned: "null"

############ Logging method invocation #183 on mock/spy ########
recorder.updateFood(
    Ant{name='Anthony', impatience=2, disguise=1000},
    Trail{from='C991', to='C995'},
    âˆž
);
   invoked: -> at com.pseuco.np21.SingleAntNoFood.returnTrail(SingleAntNoFood.java:267)
   has returned: "null"

############ Logging method invocation #184 on mock/spy ########
recorder.select(null, null, null, null);
   invoked: -> at com.pseuco.np21.SingleAntNoFood.returnTrail(SingleAntNoFood.java:262)
   has returned: "null"

############ Logging method invocation #185 on mock/spy ########
recorder.enter(
    Ant{name='Anthony', impatience=2, disguise=1000},
    Trail{from='C991', to='C998'}
);
   invoked: -> at com.pseuco.np21.SingleAntNoFood.returnTrail(SingleAntNoFood.java:263)
   has returned: "null"

############ Logging method invocation #186 on mock/spy ########
recorder.leave(
    Ant{name='Anthony', impatience=2, disguise=1000},
    Clearing{name='C991', trails=3, initialFood=0, capacity=2}
);
   invoked: -> at com.pseuco.np21.SingleAntNoFood.returnTrail(SingleAntNoFood.java:264)
   has returned: "null"

############ Logging method invocation #187 on mock/spy ########
recorder.enter(
    Ant{name='Anthony', impatience=2, disguise=1000},
    Clearing{name='C998', trails=3, initialFood=0, capacity=5}
);
   invoked: -> at com.pseuco.np21.SingleAntNoFood.returnTrail(SingleAntNoFood.java:265)
   has returned: "null"

############ Logging method invocation #188 on mock/spy ########
recorder.leave(
    Ant{name='Anthony', impatience=2, disguise=1000},
    Trail{from='C991', to='C998'}
);
   invoked: -> at com.pseuco.np21.SingleAntNoFood.returnTrail(SingleAntNoFood.java:266)
   has returned: "null"

############ Logging method invocation #189 on mock/spy ########
recorder.updateFood(
    Ant{name='Anthony', impatience=2, disguise=1000},
    Trail{from='C998', to='C991'},
    âˆž
);
   invoked: -> at com.pseuco.np21.SingleAntNoFood.returnTrail(SingleAntNoFood.java:267)
   has returned: "null"

############ Logging method invocation #190 on mock/spy ########
recorder.select(null, null, null, null);
   invoked: -> at com.pseuco.np21.SingleAntNoFood.returnTrail(SingleAntNoFood.java:262)
   has returned: "null"

############ Logging method invocation #191 on mock/spy ########
recorder.enter(
    Ant{name='Anthony', impatience=2, disguise=1000},
    Trail{from='C998', to='C987'}
);
   invoked: -> at com.pseuco.np21.SingleAntNoFood.returnTrail(SingleAntNoFood.java:263)
   has returned: "null"

############ Logging method invocation #192 on mock/spy ########
recorder.leave(
    Ant{name='Anthony', impatience=2, disguise=1000},
    Clearing{name='C998', trails=3, initialFood=0, capacity=5}
);
   invoked: -> at com.pseuco.np21.SingleAntNoFood.returnTrail(SingleAntNoFood.java:264)
   has returned: "null"

############ Logging method invocation #193 on mock/spy ########
recorder.enter(
    Ant{name='Anthony', impatience=2, disguise=1000},
    Clearing{name='C987', trails=2, initialFood=0, capacity=4}
);
   invoked: -> at com.pseuco.np21.SingleAntNoFood.returnTrail(SingleAntNoFood.java:265)
   has returned: "null"

############ Logging method invocation #194 on mock/spy ########
recorder.leave(
    Ant{name='Anthony', impatience=2, disguise=1000},
    Trail{from='C998', to='C987'}
);
   invoked: -> at com.pseuco.np21.SingleAntNoFood.returnTrail(SingleAntNoFood.java:266)
   has returned: "null"

############ Logging method invocation #195 on mock/spy ########
recorder.updateFood(
    Ant{name='Anthony', impatience=2, disguise=1000},
    Trail{from='C987', to='C998'},
    âˆž
);
   invoked: -> at com.pseuco.np21.SingleAntNoFood.returnTrail(SingleAntNoFood.java:267)
   has returned: "null"

############ Logging method invocation #196 on mock/spy ########
recorder.select(null, null, null, null);
   invoked: -> at com.pseuco.np21.SingleAntNoFood.returnTrail(SingleAntNoFood.java:262)
   has returned: "null"

############ Logging method invocation #197 on mock/spy ########
recorder.enter(
    Ant{name='Anthony', impatience=2, disguise=1000},
    Trail{from='C987', to='Hill'}
);
   invoked: -> at com.pseuco.np21.SingleAntNoFood.returnTrail(SingleAntNoFood.java:263)
   has returned: "null"

############ Logging method invocation #198 on mock/spy ########
recorder.leave(
    Ant{name='Anthony', impatience=2, disguise=1000},
    Clearing{name='C987', trails=2, initialFood=0, capacity=4}
);
   invoked: -> at com.pseuco.np21.SingleAntNoFood.returnTrail(SingleAntNoFood.java:264)
   has returned: "null"

############ Logging method invocation #199 on mock/spy ########
recorder.enter(
    Ant{name='Anthony', impatience=2, disguise=1000},
    Clearing{name='Hill', trails=3, initialFood=0, capacity=âˆž}
);
   invoked: -> at com.pseuco.np21.SingleAntNoFood.returnTrail(SingleAntNoFood.java:265)
   has returned: "null"

############ Logging method invocation #200 on mock/spy ########
recorder.leave(
    Ant{name='Anthony', impatience=2, disguise=1000},
    Trail{from='C987', to='Hill'}
);
   invoked: -> at com.pseuco.np21.SingleAntNoFood.returnTrail(SingleAntNoFood.java:266)
   has returned: "null"

############ Logging method invocation #201 on mock/spy ########
recorder.updateFood(
    Ant{name='Anthony', impatience=2, disguise=1000},
    Trail{from='Hill', to='C987'},
    âˆž
);
   invoked: -> at com.pseuco.np21.SingleAntNoFood.returnTrail(SingleAntNoFood.java:267)
   has returned: "null"

############ Logging method invocation #202 on mock/spy ########
recorder.leave(
    Ant{name='Anthony', impatience=2, disguise=1000},
    Clearing{name='Hill', trails=3, initialFood=0, capacity=âˆž}
);
   invoked: -> at com.pseuco.np21.SingleAntNoFood.run(SingleAntNoFood.java:237)
   has returned: "null"

############ Logging method invocation #203 on mock/spy ########
recorder.despawn(
    Ant{name='Anthony', impatience=2, disguise=1000},
    TERMINATED
);
   invoked: -> at com.pseuco.np21.SingleAntNoFood.run(SingleAntNoFood.java:238)
   has returned: "null"

############ Logging method invocation #204 on mock/spy ########
recorder.stop();
   invoked: -> at com.pseuco.np21.SingleAntNoFood.run(SingleAntNoFood.java:240)
   has returned: "null"

############ Logging method invocation #1 on mock/spy ########
recorder.start();
   invoked: -> at com.pseuco.np21.Simulator.run(Simulator.java:49)
   has returned: "null"

############ Logging method invocation #2 on mock/spy ########
recorder.spawn(
    Ant{name='Anthony', impatience=2, disguise=1000}
);
   invoked: -> at com.pseuco.np21.Ant.run(Ant.java:264)
   has returned: "null"

############ Logging method invocation #3 on mock/spy ########
recorder.enter(
    Ant{name='Anthony', impatience=2, disguise=1000},
    Clearing{name='Hill', trails=3, initialFood=0, capacity=âˆž}
);
   invoked: -> at com.pseuco.np21.Ant.run(Ant.java:266)
   has returned: "null"

############ Logging method invocation #4 on mock/spy ########
recorder.startFoodSearch(
    Ant{name='Anthony', impatience=2, disguise=1000}
);
   invoked: -> at com.pseuco.np21.Ant.run(Ant.java:271)
   has returned: "null"

############ Logging method invocation #5 on mock/spy ########
recorder.startExploration(
    Ant{name='Anthony', impatience=2, disguise=1000}
);
   invoked: -> at com.pseuco.np21.Ant.forwardMoving(Ant.java:187)
   has returned: "null"

############ Logging method invocation #6 on mock/spy ########
recorder.select(
    Ant{name='Anthony', impatience=2, disguise=1000},
    Trail{from='Hill', to='C987'},
    [Trail{from='Hill', to='C987'}, Trail{from='Hill', to='C994'}],
    EXPLORATION
);
   invoked: -> at com.pseuco.np21.Ant.forwardMoving(Ant.java:188)
   has returned: "null"

############ Logging method invocation #7 on mock/spy ########
recorder.enter(
    Ant{name='Anthony', impatience=2, disguise=1000},
    Trail{from='Hill', to='C987'}
);
   invoked: -> at com.pseuco.np21.AntRunHandler.EnterTrailRecorderStuff(AntRunHandler.java:68)
   has returned: "null"

############ Logging method invocation #8 on mock/spy ########
recorder.leave(
    Ant{name='Anthony', impatience=2, disguise=1000},
    Clearing{name='Hill', trails=3, initialFood=0, capacity=âˆž}
);
   invoked: -> at com.pseuco.np21.AntRunHandler.EnterTrailRecorderStuff(AntRunHandler.java:69)
   has returned: "null"

############ Logging method invocation #9 on mock/spy ########
recorder.enter(
    Ant{name='Anthony', impatience=2, disguise=1000},
    Clearing{name='C987', trails=2, initialFood=0, capacity=4}
);
   invoked: -> at com.pseuco.np21.AntRunHandler.recorderStuffEnterClearingLeaveTrail(AntRunHandler.java:25)
   has returned: "null"

############ Logging method invocation #10 on mock/spy ########
recorder.leave(
    Ant{name='Anthony', impatience=2, disguise=1000},
    Trail{from='Hill', to='C987'}
);
   invoked: -> at com.pseuco.np21.AntRunHandler.recorderStuffEnterClearingLeaveTrail(AntRunHandler.java:26)
   has returned: "null"

############ Logging method invocation #11 on mock/spy ########
recorder.updateAnthill(
    Ant{name='Anthony', impatience=2, disguise=1000},
    Trail{from='C987', to='Hill'},
    1
);
   invoked: -> at com.pseuco.np21.AntRunHandler.handleEnterClearingFoodSearch(AntRunHandler.java:101)
   has returned: "null"

############ Logging method invocation #12 on mock/spy ########
recorder.select(
    Ant{name='Anthony', impatience=2, disguise=1000},
    Trail{from='C987', to='C998'},
    [Trail{from='C987', to='C998'}],
    EXPLORATION
);
   invoked: -> at com.pseuco.np21.Ant.forwardMoving(Ant.java:190)
   has returned: "null"

############ Logging method invocation #13 on mock/spy ########
recorder.enter(
    Ant{name='Anthony', impatience=2, disguise=1000},
    Trail{from='C987', to='C998'}
);
   invoked: -> at com.pseuco.np21.AntRunHandler.EnterTrailRecorderStuff(AntRunHandler.java:68)
   has returned: "null"

############ Logging method invocation #14 on mock/spy ########
recorder.leave(
    Ant{name='Anthony', impatience=2, disguise=1000},
    Clearing{name='C987', trails=2, initialFood=0, capacity=4}
);
   invoked: -> at com.pseuco.np21.AntRunHandler.EnterTrailRecorderStuff(AntRunHandler.java:69)
   has returned: "null"

############ Logging method invocation #15 on mock/spy ########
recorder.enter(
    Ant{name='Anthony', impatience=2, disguise=1000},
    Clearing{name='C998', trails=3, initialFood=0, capacity=5}
);
   invoked: -> at com.pseuco.np21.AntRunHandler.recorderStuffEnterClearingLeaveTrail(AntRunHandler.java:25)
   has returned: "null"

############ Logging method invocation #16 on mock/spy ########
recorder.leave(
    Ant{name='Anthony', impatience=2, disguise=1000},
    Trail{from='C987', to='C998'}
);
   invoked: -> at com.pseuco.np21.AntRunHandler.recorderStuffEnterClearingLeaveTrail(AntRunHandler.java:26)
   has returned: "null"

############ Logging method invocation #17 on mock/spy ########
recorder.updateAnthill(
    Ant{name='Anthony', impatience=2, disguise=1000},
    Trail{from='C998', to='C987'},
    2
);
   invoked: -> at com.pseuco.np21.AntRunHandler.handleEnterClearingFoodSearch(AntRunHandler.java:101)
   has returned: "null"

############ Logging method invocation #18 on mock/spy ########
recorder.select(
    Ant{name='Anthony', impatience=2, disguise=1000},
    Trail{from='C998', to='C991'},
    [Trail{from='C998', to='C991'}],
    EXPLORATION
);
   invoked: -> at com.pseuco.np21.Ant.forwardMoving(Ant.java:190)
   has returned: "null"

############ Logging method invocation #19 on mock/spy ########
recorder.enter(
    Ant{name='Anthony', impatience=2, disguise=1000},
    Trail{from='C998', to='C991'}
);
   invoked: -> at com.pseuco.np21.AntRunHandler.EnterTrailRecorderStuff(AntRunHandler.java:68)
   has returned: "null"

############ Logging method invocation #20 on mock/spy ########
recorder.leave(
    Ant{name='Anthony', impatience=2, disguise=1000},
    Clearing{name='C998', trails=3, initialFood=0, capacity=5}
);
   invoked: -> at com.pseuco.np21.AntRunHandler.EnterTrailRecorderStuff(AntRunHandler.java:69)
   has returned: "null"

############ Logging method invocation #21 on mock/spy ########
recorder.enter(
    Ant{name='Anthony', impatience=2, disguise=1000},
    Clearing{name='C991', trails=3, initialFood=0, capacity=2}
);
   invoked: -> at com.pseuco.np21.AntRunHandler.recorderStuffEnterClearingLeaveTrail(AntRunHandler.java:25)
   has returned: "null"

############ Logging method invocation #22 on mock/spy ########
recorder.leave(
    Ant{name='Anthony', impatience=2, disguise=1000},
    Trail{from='C998', to='C991'}
);
   invoked: -> at com.pseuco.np21.AntRunHandler.recorderStuffEnterClearingLeaveTrail(AntRunHandler.java:26)
   has returned: "null"

############ Logging method invocation #23 on mock/spy ########
recorder.updateAnthill(
    Ant{name='Anthony', impatience=2, disguise=1000},
    Trail{from='C991', to='C998'},
    3
);
   invoked: -> at com.pseuco.np21.AntRunHandler.handleEnterClearingFoodSearch(AntRunHandler.java:101)
   has returned: "null"

############ Logging method invocation #24 on mock/spy ########
recorder.select(
    Ant{name='Anthony', impatience=2, disguise=1000},
    Trail{from='C991', to='C995'},
    [Trail{from='C991', to='C995'}],
    EXPLORATION
);
   invoked: -> at com.pseuco.np21.Ant.forwardMoving(Ant.java:190)
   has returned: "null"

############ Logging method invocation #25 on mock/spy ########
recorder.enter(
    Ant{name='Anthony', impatience=2, disguise=1000},
    Trail{from='C991', to='C995'}
);
   invoked: -> at com.pseuco.np21.AntRunHandler.EnterTrailRecorderStuff(AntRunHandler.java:68)
   has returned: "null"

############ Logging method invocation #26 on mock/spy ########
recorder.leave(
    Ant{name='Anthony', impatience=2, disguise=1000},
    Clearing{name='C991', trails=3, initialFood=0, capacity=2}
);
   invoked: -> at com.pseuco.np21.AntRunHandler.EnterTrailRecorderStuff(AntRunHandler.java:69)
   has returned: "null"

############ Logging method invocation #27 on mock/spy ########
recorder.enter(
    Ant{name='Anthony', impatience=2, disguise=1000},
    Clearing{name='C995', trails=2, initialFood=0, capacity=4}
);
   invoked: -> at com.pseuco.np21.AntRunHandler.recorderStuffEnterClearingLeaveTrail(AntRunHandler.java:25)
   has returned: "null"

############ Logging method invocation #28 on mock/spy ########
recorder.leave(
    Ant{name='Anthony', impatience=2, disguise=1000},
    Trail{from='C991', to='C995'}
);
   invoked: -> at com.pseuco.np21.AntRunHandler.recorderStuffEnterClearingLeaveTrail(AntRunHandler.java:26)
   has returned: "null"

############ Logging method invocation #29 on mock/spy ########
recorder.updateAnthill(
    Ant{name='Anthony', impatience=2, disguise=1000},
    Trail{from='C995', to='C991'},
    4
);
   invoked: -> at com.pseuco.np21.AntRunHandler.handleEnterClearingFoodSearch(AntRunHandler.java:101)
   has returned: "null"

############ Logging method invocation #30 on mock/spy ########
recorder.select(
    Ant{name='Anthony', impatience=2, disguise=1000},
    Trail{from='C995', to='Hill'},
    [Trail{from='C995', to='Hill'}],
    EXPLORATION
);
   invoked: -> at com.pseuco.np21.Ant.forwardMoving(Ant.java:190)
   has returned: "null"

############ Logging method invocation #31 on mock/spy ########
recorder.enter(
    Ant{name='Anthony', impatience=2, disguise=1000},
    Trail{from='C995', to='Hill'}
);
   invoked: -> at com.pseuco.np21.AntRunHandler.EnterTrailRecorderStuff(AntRunHandler.java:68)
   has returned: "null"

############ Logging method invocation #32 on mock/spy ########
recorder.leave(
    Ant{name='Anthony', impatience=2, disguise=1000},
    Clearing{name='C995', trails=2, initialFood=0, capacity=4}
);
   invoked: -> at com.pseuco.np21.AntRunHandler.EnterTrailRecorderStuff(AntRunHandler.java:69)
   has returned: "null"

############ Logging method invocation #33 on mock/spy ########
recorder.enter(
    Ant{name='Anthony', impatience=2, disguise=1000},
    Clearing{name='Hill', trails=3, initialFood=0, capacity=âˆž}
);
   invoked: -> at com.pseuco.np21.AntRunHandler.recorderStuffEnterClearingLeaveTrail(AntRunHandler.java:25)
   has returned: "null"

############ Logging method invocation #34 on mock/spy ########
recorder.leave(
    Ant{name='Anthony', impatience=2, disguise=1000},
    Trail{from='C995', to='Hill'}
);
   invoked: -> at com.pseuco.np21.AntRunHandler.recorderStuffEnterClearingLeaveTrail(AntRunHandler.java:26)
   has returned: "null"

############ Logging method invocation #35 on mock/spy ########
recorder.select(
    Ant{name='Anthony', impatience=2, disguise=1000},
    Trail{from='Hill', to='C995'},
    [Trail{from='C995', to='Hill'}],
    IMMEDIATE_RETURN
);
   invoked: -> at com.pseuco.np21.AntRunHandler.goOneStepBackWithImmediatReturn(AntRunHandler.java:125)
   has returned: "null"

############ Logging method invocation #36 on mock/spy ########
recorder.enter(
    Ant{name='Anthony', impatience=2, disguise=1000},
    Trail{from='Hill', to='C995'}
);
   invoked: -> at com.pseuco.np21.AntRunHandler.EnterTrailRecorderStuff(AntRunHandler.java:68)
   has returned: "null"

############ Logging method invocation #37 on mock/spy ########
recorder.leave(
    Ant{name='Anthony', impatience=2, disguise=1000},
    Clearing{name='Hill', trails=3, initialFood=0, capacity=âˆž}
);
   invoked: -> at com.pseuco.np21.AntRunHandler.EnterTrailRecorderStuff(AntRunHandler.java:69)
   has returned: "null"

############ Logging method invocation #38 on mock/spy ########
recorder.enter(
    Ant{name='Anthony', impatience=2, disguise=1000},
    Clearing{name='C995', trails=2, initialFood=0, capacity=4}
);
   invoked: -> at com.pseuco.np21.AntRunHandler.recorderStuffEnterClearingLeaveTrail(AntRunHandler.java:25)
   has returned: "null"

############ Logging method invocation #39 on mock/spy ########
recorder.leave(
    Ant{name='Anthony', impatience=2, disguise=1000},
    Trail{from='Hill', to='C995'}
);
   invoked: -> at com.pseuco.np21.AntRunHandler.recorderStuffEnterClearingLeaveTrail(AntRunHandler.java:26)
   has returned: "null"

############ Logging method invocation #40 on mock/spy ########
recorder.select(
    Ant{name='Anthony', impatience=2, disguise=1000},
    Trail{from='C995', to='C991'},
    [Trail{from='C995', to='Hill'}],
    NO_FOOD_RETURN
);
   invoked: -> at com.pseuco.np21.AntRunHandler.GoBackByNoFoodReturn(AntRunHandler.java:158)
   has returned: "null"

############ Logging method invocation #41 on mock/spy ########
recorder.enter(
    Ant{name='Anthony', impatience=2, disguise=1000},
    Trail{from='C995', to='C991'}
);
   invoked: -> at com.pseuco.np21.AntRunHandler.EnterTrailRecorderStuff(AntRunHandler.java:68)
   has returned: "null"

############ Logging method invocation #42 on mock/spy ########
recorder.leave(
    Ant{name='Anthony', impatience=2, disguise=1000},
    Clearing{name='C995', trails=2, initialFood=0, capacity=4}
);
   invoked: -> at com.pseuco.np21.AntRunHandler.EnterTrailRecorderStuff(AntRunHandler.java:69)
   has returned: "null"

############ Logging method invocation #43 on mock/spy ########
recorder.enter(
    Ant{name='Anthony', impatience=2, disguise=1000},
    Clearing{name='C991', trails=3, initialFood=0, capacity=2}
);
   invoked: -> at com.pseuco.np21.AntRunHandler.recorderStuffEnterClearingLeaveTrail(AntRunHandler.java:25)
   has returned: "null"

############ Logging method invocation #44 on mock/spy ########
recorder.leave(
    Ant{name='Anthony', impatience=2, disguise=1000},
    Trail{from='C995', to='C991'}
);
   invoked: -> at com.pseuco.np21.AntRunHandler.recorderStuffEnterClearingLeaveTrail(AntRunHandler.java:26)
   has returned: "null"

############ Logging method invocation #45 on mock/spy ########
recorder.updateFood(
    Ant{name='Anthony', impatience=2, disguise=1000},
    Trail{from='C991', to='C995'},
    âˆž
);
   invoked: -> at com.pseuco.np21.AntRunHandler.GoBackByNoFoodReturn(AntRunHandler.java:167)
   has returned: "null"

############ Logging method invocation #46 on mock/spy ########
recorder.select(
    Ant{name='Anthony', impatience=2, disguise=1000},
    Trail{from='C991', to='C998'},
    [Trail{from='C995', to='Hill'}],
    NO_FOOD_RETURN
);
   invoked: -> at com.pseuco.np21.AntRunHandler.GoBackByNoFoodReturn(AntRunHandler.java:158)
   has returned: "null"

############ Logging method invocation #47 on mock/spy ########
recorder.enter(
    Ant{name='Anthony', impatience=2, disguise=1000},
    Trail{from='C991', to='C998'}
);
   invoked: -> at com.pseuco.np21.AntRunHandler.EnterTrailRecorderStuff(AntRunHandler.java:68)
   has returned: "null"

############ Logging method invocation #48 on mock/spy ########
recorder.leave(
    Ant{name='Anthony', impatience=2, disguise=1000},
    Clearing{name='C991', trails=3, initialFood=0, capacity=2}
);
   invoked: -> at com.pseuco.np21.AntRunHandler.EnterTrailRecorderStuff(AntRunHandler.java:69)
   has returned: "null"

############ Logging method invocation #49 on mock/spy ########
recorder.enter(
    Ant{name='Anthony', impatience=2, disguise=1000},
    Clearing{name='C998', trails=3, initialFood=0, capacity=5}
);
   invoked: -> at com.pseuco.np21.AntRunHandler.recorderStuffEnterClearingLeaveTrail(AntRunHandler.java:25)
   has returned: "null"

############ Logging method invocation #50 on mock/spy ########
recorder.leave(
    Ant{name='Anthony', impatience=2, disguise=1000},
    Trail{from='C991', to='C998'}
);
   invoked: -> at com.pseuco.np21.AntRunHandler.recorderStuffEnterClearingLeaveTrail(AntRunHandler.java:26)
   has returned: "null"

############ Logging method invocation #51 on mock/spy ########
recorder.updateFood(
    Ant{name='Anthony', impatience=2, disguise=1000},
    Trail{from='C998', to='C991'},
    âˆž
);
   invoked: -> at com.pseuco.np21.AntRunHandler.GoBackByNoFoodReturn(AntRunHandler.java:167)
   has returned: "null"

############ Logging method invocation #52 on mock/spy ########
recorder.select(
    Ant{name='Anthony', impatience=2, disguise=1000},
    Trail{from='C998', to='C987'},
    [Trail{from='C995', to='Hill'}],
    NO_FOOD_RETURN
);
   invoked: -> at com.pseuco.np21.AntRunHandler.GoBackByNoFoodReturn(AntRunHandler.java:158)
   has returned: "null"

############ Logging method invocation #53 on mock/spy ########
recorder.enter(
    Ant{name='Anthony', impatience=2, disguise=1000},
    Trail{from='C998', to='C987'}
);
   invoked: -> at com.pseuco.np21.AntRunHandler.EnterTrailRecorderStuff(AntRunHandler.java:68)
   has returned: "null"

############ Logging method invocation #54 on mock/spy ########
recorder.leave(
    Ant{name='Anthony', impatience=2, disguise=1000},
    Clearing{name='C998', trails=3, initialFood=0, capacity=5}
);
   invoked: -> at com.pseuco.np21.AntRunHandler.EnterTrailRecorderStuff(AntRunHandler.java:69)
   has returned: "null"

############ Logging method invocation #55 on mock/spy ########
recorder.enter(
    Ant{name='Anthony', impatience=2, disguise=1000},
    Clearing{name='C987', trails=2, initialFood=0, capacity=4}
);
   invoked: -> at com.pseuco.np21.AntRunHandler.recorderStuffEnterClearingLeaveTrail(AntRunHandler.java:25)
   has returned: "null"

############ Logging method invocation #56 on mock/spy ########
recorder.leave(
    Ant{name='Anthony', impatience=2, disguise=1000},
    Trail{from='C998', to='C987'}
);
   invoked: -> at com.pseuco.np21.AntRunHandler.recorderStuffEnterClearingLeaveTrail(AntRunHandler.java:26)
   has returned: "null"

############ Logging method invocation #57 on mock/spy ########
recorder.updateFood(
    Ant{name='Anthony', impatience=2, disguise=1000},
    Trail{from='C987', to='C998'},
    âˆž
);
   invoked: -> at com.pseuco.np21.AntRunHandler.GoBackByNoFoodReturn(AntRunHandler.java:167)
   has returned: "null"

############ Logging method invocation #58 on mock/spy ########
recorder.select(
    Ant{name='Anthony', impatience=2, disguise=1000},
    Trail{from='C987', to='Hill'},
    [Trail{from='C995', to='Hill'}],
    NO_FOOD_RETURN
);
   invoked: -> at com.pseuco.np21.AntRunHandler.GoBackByNoFoodReturn(AntRunHandler.java:158)
   has returned: "null"

############ Logging method invocation #59 on mock/spy ########
recorder.enter(
    Ant{name='Anthony', impatience=2, disguise=1000},
    Trail{from='C987', to='Hill'}
);
   invoked: -> at com.pseuco.np21.AntRunHandler.EnterTrailRecorderStuff(AntRunHandler.java:68)
   has returned: "null"

############ Logging method invocation #60 on mock/spy ########
recorder.leave(
[...]
recorder.select(null, null, null, null);
   invoked: -> at com.pseuco.np21.SingleAntNoFood.returnTrail(SingleAntNoFood.java:262)
   has returned: "null"

############ Logging method invocation #149 on mock/spy ########
recorder.enter(
    Ant{name='Anthony', impatience=2, disguise=1000},
    Trail{from='C991', to='C998'}
);
   invoked: -> at com.pseuco.np21.SingleAntNoFood.returnTrail(SingleAntNoFood.java:263)
   has returned: "null"

############ Logging method invocation #150 on mock/spy ########
recorder.leave(
    Ant{name='Anthony', impatience=2, disguise=1000},
    Clearing{name='C991', trails=3, initialFood=0, capacity=2}
);
   invoked: -> at com.pseuco.np21.SingleAntNoFood.returnTrail(SingleAntNoFood.java:264)
   has returned: "null"

############ Logging method invocation #151 on mock/spy ########
recorder.enter(
    Ant{name='Anthony', impatience=2, disguise=1000},
    Clearing{name='C998', trails=3, initialFood=0, capacity=5}
);
   invoked: -> at com.pseuco.np21.SingleAntNoFood.returnTrail(SingleAntNoFood.java:265)
   has returned: "null"

############ Logging method invocation #152 on mock/spy ########
recorder.leave(
    Ant{name='Anthony', impatience=2, disguise=1000},
    Trail{from='C991', to='C998'}
);
   invoked: -> at com.pseuco.np21.SingleAntNoFood.returnTrail(SingleAntNoFood.java:266)
   has returned: "null"

############ Logging method invocation #153 on mock/spy ########
recorder.updateFood(
    Ant{name='Anthony', impatience=2, disguise=1000},
    Trail{from='C998', to='C991'},
    âˆž
);
   invoked: -> at com.pseuco.np21.SingleAntNoFood.returnTrail(SingleAntNoFood.java:267)
   has returned: "null"

############ Logging method invocation #154 on mock/spy ########
recorder.select(null, null, null, null);
   invoked: -> at com.pseuco.np21.SingleAntNoFood.returnTrail(SingleAntNoFood.java:262)
   has returned: "null"

############ Logging method invocation #155 on mock/spy ########
recorder.enter(
    Ant{name='Anthony', impatience=2, disguise=1000},
    Trail{from='C998', to='C987'}
);
   invoked: -> at com.pseuco.np21.SingleAntNoFood.returnTrail(SingleAntNoFood.java:263)
   has returned: "null"

############ Logging method invocation #156 on mock/spy ########
recorder.leave(
    Ant{name='Anthony', impatience=2, disguise=1000},
    Clearing{name='C998', trails=3, initialFood=0, capacity=5}
);
   invoked: -> at com.pseuco.np21.SingleAntNoFood.returnTrail(SingleAntNoFood.java:264)
   has returned: "null"

############ Logging method invocation #157 on mock/spy ########
recorder.enter(
    Ant{name='Anthony', impatience=2, disguise=1000},
    Clearing{name='C987', trails=2, initialFood=0, capacity=4}
);
   invoked: -> at com.pseuco.np21.SingleAntNoFood.returnTrail(SingleAntNoFood.java:265)
   has returned: "null"

############ Logging method invocation #158 on mock/spy ########
recorder.leave(
    Ant{name='Anthony', impatience=2, disguise=1000},
    Trail{from='C998', to='C987'}
);
   invoked: -> at com.pseuco.np21.SingleAntNoFood.returnTrail(SingleAntNoFood.java:266)
   has returned: "null"

############ Logging method invocation #159 on mock/spy ########
recorder.updateFood(
    Ant{name='Anthony', impatience=2, disguise=1000},
    Trail{from='C987', to='C998'},
    âˆž
);
   invoked: -> at com.pseuco.np21.SingleAntNoFood.returnTrail(SingleAntNoFood.java:267)
   has returned: "null"

############ Logging method invocation #160 on mock/spy ########
recorder.select(null, null, null, null);
   invoked: -> at com.pseuco.np21.SingleAntNoFood.returnTrail(SingleAntNoFood.java:262)
   has returned: "null"

############ Logging method invocation #161 on mock/spy ########
recorder.enter(
    Ant{name='Anthony', impatience=2, disguise=1000},
    Trail{from='C987', to='Hill'}
);
   invoked: -> at com.pseuco.np21.SingleAntNoFood.returnTrail(SingleAntNoFood.java:263)
   has returned: "null"

############ Logging method invocation #162 on mock/spy ########
recorder.leave(
    Ant{name='Anthony', impatience=2, disguise=1000},
    Clearing{name='C987', trails=2, initialFood=0, capacity=4}
);
   invoked: -> at com.pseuco.np21.SingleAntNoFood.returnTrail(SingleAntNoFood.java:264)
   has returned: "null"

############ Logging method invocation #163 on mock/spy ########
recorder.enter(
    Ant{name='Anthony', impatience=2, disguise=1000},
    Clearing{name='Hill', trails=3, initialFood=0, capacity=âˆž}
);
   invoked: -> at com.pseuco.np21.SingleAntNoFood.returnTrail(SingleAntNoFood.java:265)
   has returned: "null"

############ Logging method invocation #164 on mock/spy ########
recorder.leave(
    Ant{name='Anthony', impatience=2, disguise=1000},
    Trail{from='C987', to='Hill'}
);
   invoked: -> at com.pseuco.np21.SingleAntNoFood.returnTrail(SingleAntNoFood.java:266)
   has returned: "null"

############ Logging method invocation #165 on mock/spy ########
recorder.updateFood(
    Ant{name='Anthony', impatience=2, disguise=1000},
    Trail{from='Hill', to='C987'},
    âˆž
);
   invoked: -> at com.pseuco.np21.SingleAntNoFood.returnTrail(SingleAntNoFood.java:267)
   has returned: "null"

############ Logging method invocation #166 on mock/spy ########
recorder.select(
    Ant{name='Anthony', impatience=2, disguise=1000},
    Trail{from='Hill', to='C994'},
    [Trail{from='Hill', to='C994'}],
    EXPLORATION
);
   invoked: -> at com.pseuco.np21.SingleAntNoFood.run(SingleAntNoFood.java:232)
   has returned: "null"

############ Logging method invocation #167 on mock/spy ########
recorder.enter(
    Ant{name='Anthony', impatience=2, disguise=1000},
    Trail{from='Hill', to='C994'}
);
   invoked: -> at com.pseuco.np21.SingleAntNoFood.lambda$run$3(SingleAntNoFood.java:145)
   has returned: "null"

############ Logging method invocation #168 on mock/spy ########
recorder.leave(
    Ant{name='Anthony', impatience=2, disguise=1000},
    Clearing{name='Hill', trails=3, initialFood=0, capacity=âˆž}
);
   invoked: -> at com.pseuco.np21.SingleAntNoFood.lambda$run$3(SingleAntNoFood.java:146)
   has returned: "null"

############ Logging method invocation #169 on mock/spy ########
recorder.enter(
    Ant{name='Anthony', impatience=2, disguise=1000},
    Clearing{name='C994', trails=3, initialFood=0, capacity=5}
);
   invoked: -> at com.pseuco.np21.SingleAntNoFood.lambda$run$3(SingleAntNoFood.java:177)
   has returned: "null"

############ Logging method invocation #170 on mock/spy ########
recorder.leave(
    Ant{name='Anthony', impatience=2, disguise=1000},
    Trail{from='Hill', to='C994'}
);
   invoked: -> at com.pseuco.np21.SingleAntNoFood.lambda$run$3(SingleAntNoFood.java:178)
   has returned: "null"

############ Logging method invocation #171 on mock/spy ########
recorder.updateAnthill(
    Ant{name='Anthony', impatience=2, disguise=1000},
    Trail{from='C994', to='Hill'},
    1
);
   invoked: -> at com.pseuco.np21.SingleAntNoFood.lambda$run$3(SingleAntNoFood.java:180)
   has returned: "null"

############ Logging method invocation #172 on mock/spy ########
recorder.select(null, null, null, null);
   invoked: -> at com.pseuco.np21.SingleAntNoFood.lambda$run$3(SingleAntNoFood.java:183)
   has returned: "null"

############ Logging method invocation #173 on mock/spy ########
recorder.enter(
    Ant{name='Anthony', impatience=2, disguise=1000},
    Trail{from='C994', to='C984'}
);
   invoked: -> at com.pseuco.np21.SingleAntNoFood.lambda$run$2(SingleAntNoFood.java:192)
   has returned: "null"

############ Logging method invocation #174 on mock/spy ########
recorder.leave(
    Ant{name='Anthony', impatience=2, disguise=1000},
    Clearing{name='C994', trails=3, initialFood=0, capacity=5}
);
   invoked: -> at com.pseuco.np21.SingleAntNoFood.lambda$run$2(SingleAntNoFood.java:193)
   has returned: "null"

############ Logging method invocation #175 on mock/spy ########
recorder.enter(
    Ant{name='Anthony', impatience=2, disguise=1000},
    Clearing{name='C984', trails=1, initialFood=0, capacity=1}
);
   invoked: -> at com.pseuco.np21.SingleAntNoFood.lambda$run$2(SingleAntNoFood.java:195)
   has returned: "null"

############ Logging method invocation #176 on mock/spy ########
recorder.leave(
    Ant{name='Anthony', impatience=2, disguise=1000},
    Trail{from='C994', to='C984'}
);
   invoked: -> at com.pseuco.np21.SingleAntNoFood.lambda$run$2(SingleAntNoFood.java:196)
   has returned: "null"

############ Logging method invocation #177 on mock/spy ########
recorder.updateAnthill(
    Ant{name='Anthony', impatience=2, disguise=1000},
    Trail{from='C984', to='C994'},
    2
);
   invoked: -> at com.pseuco.np21.SingleAntNoFood.lambda$run$2(SingleAntNoFood.java:197)
   has returned: "null"

############ Logging method invocation #178 on mock/spy ########
recorder.select(null, null, null, null);
   invoked: -> at com.pseuco.np21.SingleAntNoFood.returnTrail(SingleAntNoFood.java:262)
   has returned: "null"

############ Logging method invocation #179 on mock/spy ########
recorder.enter(
    Ant{name='Anthony', impatience=2, disguise=1000},
    Trail{from='C984', to='C994'}
);
   invoked: -> at com.pseuco.np21.SingleAntNoFood.returnTrail(SingleAntNoFood.java:263)
   has returned: "null"

############ Logging method invocation #180 on mock/spy ########
recorder.leave(
    Ant{name='Anthony', impatience=2, disguise=1000},
    Clearing{name='C984', trails=1, initialFood=0, capacity=1}
);
   invoked: -> at com.pseuco.np21.SingleAntNoFood.returnTrail(SingleAntNoFood.java:264)
   has returned: "null"

############ Logging method invocation #181 on mock/spy ########
recorder.enter(
    Ant{name='Anthony', impatience=2, disguise=1000},
    Clearing{name='C994', trails=3, initialFood=0, capacity=5}
);
   invoked: -> at com.pseuco.np21.SingleAntNoFood.returnTrail(SingleAntNoFood.java:265)
   has returned: "null"

############ Logging method invocation #182 on mock/spy ########
recorder.leave(
    Ant{name='Anthony', impatience=2, disguise=1000},
    Trail{from='C984', to='C994'}
);
   invoked: -> at com.pseuco.np21.SingleAntNoFood.returnTrail(SingleAntNoFood.java:266)
   has returned: "null"

############ Logging method invocation #183 on mock/spy ########
recorder.updateFood(
    Ant{name='Anthony', impatience=2, disguise=1000},
    Trail{from='C994', to='C984'},
    âˆž
);
   invoked: -> at com.pseuco.np21.SingleAntNoFood.returnTrail(SingleAntNoFood.java:267)
   has returned: "null"

############ Logging method invocation #184 on mock/spy ########
recorder.select(null, null, null, null);
   invoked: -> at com.pseuco.np21.SingleAntNoFood.lambda$run$3(SingleAntNoFood.java:210)
   has returned: "null"

############ Logging method invocation #185 on mock/spy ########
recorder.enter(
    Ant{name='Anthony', impatience=2, disguise=1000},
    Trail{from='C994', to='C976'}
);
   invoked: -> at com.pseuco.np21.SingleAntNoFood.lambda$run$2(SingleAntNoFood.java:192)
   has returned: "null"

############ Logging method invocation #186 on mock/spy ########
recorder.leave(
    Ant{name='Anthony', impatience=2, disguise=1000},
    Clearing{name='C994', trails=3, initialFood=0, capacity=5}
);
   invoked: -> at com.pseuco.np21.SingleAntNoFood.lambda$run$2(SingleAntNoFood.java:193)
   has returned: "null"

############ Logging method invocation #187 on mock/spy ########
recorder.enter(
    Ant{name='Anthony', impatience=2, disguise=1000},
    Clearing{name='C976', trails=1, initialFood=0, capacity=5}
);
   invoked: -> at com.pseuco.np21.SingleAntNoFood.lambda$run$2(SingleAntNoFood.java:195)
   has returned: "null"

############ Logging method invocation #188 on mock/spy ########
recorder.leave(
    Ant{name='Anthony', impatience=2, disguise=1000},
    Trail{from='C994', to='C976'}
);
   invoked: -> at com.pseuco.np21.SingleAntNoFood.lambda$run$2(SingleAntNoFood.java:196)
   has returned: "null"

############ Logging method invocation #189 on mock/spy ########
recorder.updateAnthill(
    Ant{name='Anthony', impatience=2, disguise=1000},
    Trail{from='C976', to='C994'},
    2
);
   invoked: -> at com.pseuco.np21.SingleAntNoFood.lambda$run$2(SingleAntNoFood.java:197)
   has returned: "null"

############ Logging method invocation #190 on mock/spy ########
recorder.select(null, null, null, null);
   invoked: -> at com.pseuco.np21.SingleAntNoFood.returnTrail(SingleAntNoFood.java:262)
   has returned: "null"

############ Logging method invocation #191 on mock/spy ########
recorder.enter(
    Ant{name='Anthony', impatience=2, disguise=1000},
    Trail{from='C976', to='C994'}
);
   invoked: -> at com.pseuco.np21.SingleAntNoFood.returnTrail(SingleAntNoFood.java:263)
   has returned: "null"

############ Logging method invocation #192 on mock/spy ########
recorder.leave(
    Ant{name='Anthony', impatience=2, disguise=1000},
    Clearing{name='C976', trails=1, initialFood=0, capacity=5}
);
   invoked: -> at com.pseuco.np21.SingleAntNoFood.returnTrail(SingleAntNoFood.java:264)
   has returned: "null"

############ Logging method invocation #193 on mock/spy ########
recorder.enter(
    Ant{name='Anthony', impatience=2, disguise=1000},
    Clearing{name='C994', trails=3, initialFood=0, capacity=5}
);
   invoked: -> at com.pseuco.np21.SingleAntNoFood.returnTrail(SingleAntNoFood.java:265)
   has returned: "null"

############ Logging method invocation #194 on mock/spy ########
recorder.leave(
    Ant{name='Anthony', impatience=2, disguise=1000},
    Trail{from='C976', to='C994'}
);
   invoked: -> at com.pseuco.np21.SingleAntNoFood.returnTrail(SingleAntNoFood.java:266)
   has returned: "null"

############ Logging method invocation #195 on mock/spy ########
recorder.updateFood(
    Ant{name='Anthony', impatience=2, disguise=1000},
    Trail{from='C994', to='C976'},
    âˆž
);
   invoked: -> at com.pseuco.np21.SingleAntNoFood.returnTrail(SingleAntNoFood.java:267)
   has returned: "null"

############ Logging method invocation #196 on mock/spy ########
recorder.select(null, null, null, null);
   invoked: -> at com.pseuco.np21.SingleAntNoFood.returnTrail(SingleAntNoFood.java:262)
   has returned: "null"

############ Logging method invocation #197 on mock/spy ########
recorder.enter(
    Ant{name='Anthony', impatience=2, disguise=1000},
    Trail{from='C994', to='Hill'}
);
   invoked: -> at com.pseuco.np21.SingleAntNoFood.returnTrail(SingleAntNoFood.java:263)
   has returned: "null"

############ Logging method invocation #198 on mock/spy ########
recorder.leave(
    Ant{name='Anthony', impatience=2, disguise=1000},
    Clearing{name='C994', trails=3, initialFood=0, capacity=5}
);
   invoked: -> at com.pseuco.np21.SingleAntNoFood.returnTrail(SingleAntNoFood.java:264)
   has returned: "null"

############ Logging method invocation #199 on mock/spy ########
recorder.enter(
    Ant{name='Anthony', impatience=2, disguise=1000},
    Clearing{name='Hill', trails=3, initialFood=0, capacity=âˆž}
);
   invoked: -> at com.pseuco.np21.SingleAntNoFood.returnTrail(SingleAntNoFood.java:265)
   has returned: "null"

############ Logging method invocation #200 on mock/spy ########
recorder.leave(
    Ant{name='Anthony', impatience=2, disguise=1000},
    Trail{from='C994', to='Hill'}
);
   invoked: -> at com.pseuco.np21.SingleAntNoFood.returnTrail(SingleAntNoFood.java:266)
   has returned: "null"

############ Logging method invocation #201 on mock/spy ########
recorder.updateFood(
    Ant{name='Anthony', impatience=2, disguise=1000},
    Trail{from='Hill', to='C994'},
    âˆž
);
   invoked: -> at com.pseuco.np21.SingleAntNoFood.returnTrail(SingleAntNoFood.java:267)
   has returned: "null"

############ Logging method invocation #202 on mock/spy ########
recorder.leave(
    Ant{name='Anthony', impatience=2, disguise=1000},
    Clearing{name='Hill', trails=3, initialFood=0, capacity=âˆž}
);
   invoked: -> at com.pseuco.np21.SingleAntNoFood.run(SingleAntNoFood.java:237)
   has returned: "null"

############ Logging method invocation #203 on mock/spy ########
recorder.despawn(
    Ant{name='Anthony', impatience=2, disguise=1000},
    TERMINATED
);
   invoked: -> at com.pseuco.np21.SingleAntNoFood.run(SingleAntNoFood.java:238)
   has returned: "null"

############ Logging method invocation #204 on mock/spy ########
recorder.stop();
   invoked: -> at com.pseuco.np21.SingleAntNoFood.run(SingleAntNoFood.java:240)
   has returned: "null"

]]></system-out>
  <system-err><![CDATA[java.lang.InterruptedException
	at com.pseuco.np21.AntRunHandler.leaveAndInterruptAtHill(AntRunHandler.java:200)
	at com.pseuco.np21.Ant.forwardMoving(Ant.java:239)
	at com.pseuco.np21.Ant.forwardMoving(Ant.java:225)
	at com.pseuco.np21.Ant.forwardMoving(Ant.java:225)
	at com.pseuco.np21.Ant.forwardMoving(Ant.java:225)
	at com.pseuco.np21.Ant.forwardMoving(Ant.java:225)
	at com.pseuco.np21.Ant.forwardMoving(Ant.java:252)
	at com.pseuco.np21.Ant.forwardMoving(Ant.java:225)
	at com.pseuco.np21.Ant.forwardMoving(Ant.java:252)
	at com.pseuco.np21.Ant.forwardMoving(Ant.java:225)
	at com.pseuco.np21.Ant.forwardMoving(Ant.java:225)
	at com.pseuco.np21.Ant.run(Ant.java:272)
	at java.base/java.lang.Thread.run(Thread.java:831)
java.lang.InterruptedException
	at com.pseuco.np21.AntRunHandler.leaveAndInterruptAtHill(AntRunHandler.java:200)
	at com.pseuco.np21.Ant.forwardMoving(Ant.java:250)
	at com.pseuco.np21.Ant.forwardMoving(Ant.java:225)
	at com.pseuco.np21.Ant.forwardMoving(Ant.java:252)
	at com.pseuco.np21.Ant.forwardMoving(Ant.java:225)
	at com.pseuco.np21.Ant.forwardMoving(Ant.java:225)
	at com.pseuco.np21.Ant.forwardMoving(Ant.java:242)
	at com.pseuco.np21.Ant.forwardMoving(Ant.java:225)
	at com.pseuco.np21.Ant.forwardMoving(Ant.java:225)
	at com.pseuco.np21.Ant.forwardMoving(Ant.java:225)
	at com.pseuco.np21.Ant.forwardMoving(Ant.java:225)
	at com.pseuco.np21.Ant.run(Ant.java:272)
	at java.base/java.lang.Thread.run(Thread.java:831)
java.lang.InterruptedException
	at com.pseuco.np21.AntRunHandler.leaveAndInterruptAtHill(AntRunHandler.java:200)
	at com.pseuco.np21.Ant.forwardMoving(Ant.java:250)
	at com.pseuco.np21.Ant.forwardMoving(Ant.java:225)
	at com.pseuco.np21.Ant.forwardMoving(Ant.java:252)
	at com.pseuco.np21.Ant.forwardMoving(Ant.java:225)
	at com.pseuco.np21.Ant.forwardMoving(Ant.java:225)
	at com.pseuco.np21.Ant.forwardMoving(Ant.java:242)
	at com.pseuco.np21.Ant.forwardMoving(Ant.java:225)
	at com.pseuco.np21.Ant.forwardMoving(Ant.java:225)
	at com.pseuco.np21.Ant.forwardMoving(Ant.java:225)
	at com.pseuco.np21.Ant.forwardMoving(Ant.java:225)
	at com.pseuco.np21.Ant.run(Ant.java:272)
	at java.base/java.lang.Thread.run(Thread.java:831)
java.lang.InterruptedException
	at com.pseuco.np21.AntRunHandler.leaveAndInterruptAtHill(AntRunHandler.java:200)
	at com.pseuco.np21.Ant.forwardMoving(Ant.java:250)
	at com.pseuco.np21.Ant.forwardMoving(Ant.java:225)
	at com.pseuco.np21.Ant.forwardMoving(Ant.java:252)
	at com.pseuco.np21.Ant.forwardMoving(Ant.java:225)
	at com.pseuco.np21.Ant.forwardMoving(Ant.java:225)
	at com.pseuco.np21.Ant.forwardMoving(Ant.java:242)
	at com.pseuco.np21.Ant.forwardMoving(Ant.java:225)
	at com.pseuco.np21.Ant.forwardMoving(Ant.java:225)
	at com.pseuco.np21.Ant.forwardMoving(Ant.java:225)
	at com.pseuco.np21.Ant.forwardMoving(Ant.java:225)
	at com.pseuco.np21.Ant.run(Ant.java:272)
	at java.base/java.lang.Thread.run(Thread.java:831)
java.lang.InterruptedException
	at com.pseuco.np21.AntRunHandler.leaveAndInterruptAtHill(AntRunHandler.java:200)
	at com.pseuco.np21.Ant.forwardMoving(Ant.java:250)
	at com.pseuco.np21.Ant.forwardMoving(Ant.java:225)
	at com.pseuco.np21.Ant.forwardMoving(Ant.java:252)
	at com.pseuco.np21.Ant.forwardMoving(Ant.java:225)
	at com.pseuco.np21.Ant.forwardMoving(Ant.java:225)
	at com.pseuco.np21.Ant.forwardMoving(Ant.java:242)
	at com.pseuco.np21.Ant.forwardMoving(Ant.java:225)
	at com.pseuco.np21.Ant.forwardMoving(Ant.java:225)
	at com.pseuco.np21.Ant.forwardMoving(Ant.java:225)
	at com.pseuco.np21.Ant.forwardMoving(Ant.java:225)
	at com.pseuco.np21.Ant.run(Ant.java:272)
	at java.base/java.lang.Thread.run(Thread.java:831)
]]></system-err>
</testsuite>
